2022-12-18 03:54:33,291 INFO     ==========================================
2022-12-18 03:54:33,293 INFO     ==========       CONFIG      =============
2022-12-18 03:54:33,293 INFO     ==========================================
2022-12-18 03:54:33,293 INFO     dataset: COCO
2022-12-18 03:54:33,293 INFO     train_data: /data/public/coco2014/train2014
2022-12-18 03:54:33,293 INFO     test_data: /data/public/coco2014/val2014
2022-12-18 03:54:33,293 INFO     train_list: /data/public/coco2014/annotations/instances_train2014.json
2022-12-18 03:54:33,293 INFO     test_list: /data/public/coco2014/annotations/instances_val2014.json
2022-12-18 03:54:33,293 INFO     train_label: ./data/coco/train_label_vectors.npy
2022-12-18 03:54:33,293 INFO     graph_file: ./data/coco/prob_train.npy
2022-12-18 03:54:33,293 INFO     word_file: ./data/coco/vectors.npy
2022-12-18 03:54:33,293 INFO     test_label: ./data/coco/val_label_vectors.npy
2022-12-18 03:54:33,293 INFO     print_freq: 1000
2022-12-18 03:54:33,293 INFO     workers: 5
2022-12-18 03:54:33,293 INFO     epochs: 20
2022-12-18 03:54:33,293 INFO     start_epoch: 0
2022-12-18 03:54:33,293 INFO     step_epoch: 10
2022-12-18 03:54:33,293 INFO     batch_size: 16
2022-12-18 03:54:33,293 INFO     lr: 0.0003
2022-12-18 03:54:33,294 INFO     momentum: 0.9
2022-12-18 03:54:33,294 INFO     weight_decay: 0.0005
2022-12-18 03:54:33,294 INFO     resume: 
2022-12-18 03:54:33,294 INFO     crop_size: 448
2022-12-18 03:54:33,294 INFO     scale_size: 512
2022-12-18 03:54:33,294 INFO     evaluate: False
2022-12-18 03:54:33,294 INFO     post: COOP-SD-COCO-exp1.2-adam-lr3e-4-bs16
2022-12-18 03:54:33,294 INFO     num_classes: 80
2022-12-18 03:54:33,294 INFO     backbone_name: RN101
2022-12-18 03:54:33,294 INFO     category_file: ./data/coco/category_name.json
2022-12-18 03:54:33,294 INFO     n_ctx: 16
2022-12-18 03:54:33,294 INFO     ctx_init: False
2022-12-18 03:54:33,294 INFO     csc: False
2022-12-18 03:54:33,294 INFO     class_token_position: end
2022-12-18 03:54:33,294 INFO     ==========================================
2022-12-18 03:54:33,294 INFO     ===========        END        ============
2022-12-18 03:54:33,294 INFO     ==========================================
2022-12-18 03:54:33,294 INFO     

2022-12-18 03:54:33,294 INFO     ==> Creating dataloader...
You will perform multi-scale on images for scale 640
loading annotations into memory...
Done (t=11.38s)
creating index...
index created!
loading annotations into memory...
Done (t=6.06s)
creating index...
index created!
2022-12-18 03:54:53,338 INFO     ==> Done!

2022-12-18 03:54:53,342 INFO     ==> Loading the network ...
2022-12-18 03:54:56,937 INFO     Initializing a generic context
2022-12-18 03:54:56,937 INFO     Initial context: "X X X X X X X X X X X X X X X X"
2022-12-18 03:54:56,937 INFO     Number of context words (tokens): 16
2022-12-18 03:55:01,350 INFO     ==> Done!

2022-12-18 03:55:01,350 INFO     Run Experiment...
2022-12-18 03:55:03,723 INFO     Epoch: [0][0/5174]	Time 2.306 (2.306)	Loss 0.6983 (0.6983)
2022-12-18 03:59:24,676 INFO     Epoch: [0][1000/5174]	Time 0.261 (0.263)	Loss 0.0515 (0.0809)
2022-12-18 04:03:46,581 INFO     Epoch: [0][2000/5174]	Time 0.264 (0.262)	Loss 0.0686 (0.0685)
2022-12-18 04:08:08,386 INFO     Epoch: [0][3000/5174]	Time 0.267 (0.262)	Loss 0.0517 (0.0635)
2022-12-18 04:12:30,257 INFO     Epoch: [0][4000/5174]	Time 0.261 (0.262)	Loss 0.0665 (0.0605)
2022-12-18 04:16:51,932 INFO     Epoch: [0][5000/5174]	Time 0.260 (0.262)	Loss 0.0525 (0.0587)
2022-12-18 04:17:38,237 INFO     Test: [0/2532]	Time 0.905 (0.905)	Loss 0.0918 (0.0918)
2022-12-18 04:20:35,362 INFO     Test: [1000/2532]	Time 0.178 (0.178)	Loss 0.0598 (0.0421)
2022-12-18 04:23:32,658 INFO     Test: [2000/2532]	Time 0.176 (0.178)	Loss 0.0340 (0.0425)
2022-12-18 04:25:53,462 INFO     [Test] mAP: 0.795, averageAP: 0.794
					(Compute with all label) OP: 0.864, OR: 0.705, OF1: 0.776, CP: 0.839, CR: 0.646, CF1:0.730
					(Compute with top-3 label) OP: 0.901, OR: 0.629, OF1: 0.741, CP: 0.865, CR: 0.579, CF1: 0.694
2022-12-18 04:26:00,617 INFO     [Best] [Epoch 0]: Best mAP is 0.795
2022-12-18 04:26:01,703 INFO     Epoch: [1][0/5174]	Time 1.035 (1.035)	Loss 0.0444 (0.0444)
2022-12-18 04:30:23,151 INFO     Epoch: [1][1000/5174]	Time 0.260 (0.262)	Loss 0.0368 (0.0493)
2022-12-18 04:34:44,829 INFO     Epoch: [1][2000/5174]	Time 0.262 (0.262)	Loss 0.0416 (0.0491)
2022-12-18 04:39:06,779 INFO     Epoch: [1][3000/5174]	Time 0.262 (0.262)	Loss 0.0373 (0.0488)
2022-12-18 04:43:28,771 INFO     Epoch: [1][4000/5174]	Time 0.265 (0.262)	Loss 0.0461 (0.0486)
2022-12-18 04:47:50,732 INFO     Epoch: [1][5000/5174]	Time 0.264 (0.262)	Loss 0.0592 (0.0484)
2022-12-18 04:48:36,970 INFO     Test: [0/2532]	Time 0.933 (0.933)	Loss 0.0936 (0.0936)
2022-12-18 04:51:33,927 INFO     Test: [1000/2532]	Time 0.177 (0.178)	Loss 0.0571 (0.0404)
2022-12-18 04:54:30,882 INFO     Test: [2000/2532]	Time 0.176 (0.177)	Loss 0.0300 (0.0407)
2022-12-18 04:56:49,484 INFO     [Test] mAP: 0.812, averageAP: 0.811
					(Compute with all label) OP: 0.890, OR: 0.697, OF1: 0.782, CP: 0.858, CR: 0.652, CF1:0.741
					(Compute with top-3 label) OP: 0.921, OR: 0.628, OF1: 0.747, CP: 0.879, CR: 0.590, CF1: 0.706
2022-12-18 04:56:57,376 INFO     [Best] [Epoch 1]: Best mAP is 0.812
2022-12-18 04:56:58,515 INFO     Epoch: [2][0/5174]	Time 1.085 (1.085)	Loss 0.0509 (0.0509)
2022-12-18 05:01:20,060 INFO     Epoch: [2][1000/5174]	Time 0.261 (0.262)	Loss 0.0436 (0.0472)
2022-12-18 05:05:41,948 INFO     Epoch: [2][2000/5174]	Time 0.263 (0.262)	Loss 0.0470 (0.0469)
2022-12-18 05:10:03,701 INFO     Epoch: [2][3000/5174]	Time 0.261 (0.262)	Loss 0.0494 (0.0469)
2022-12-18 05:14:25,506 INFO     Epoch: [2][4000/5174]	Time 0.260 (0.262)	Loss 0.0423 (0.0468)
2022-12-18 05:18:47,365 INFO     Epoch: [2][5000/5174]	Time 0.261 (0.262)	Loss 0.0419 (0.0468)
2022-12-18 05:19:33,647 INFO     Test: [0/2532]	Time 0.948 (0.948)	Loss 0.0947 (0.0947)
2022-12-18 05:22:30,462 INFO     Test: [1000/2532]	Time 0.176 (0.178)	Loss 0.0568 (0.0392)
2022-12-18 05:25:27,393 INFO     Test: [2000/2532]	Time 0.177 (0.177)	Loss 0.0284 (0.0395)
2022-12-18 05:27:47,322 INFO     [Test] mAP: 0.819, averageAP: 0.818
					(Compute with all label) OP: 0.886, OR: 0.715, OF1: 0.791, CP: 0.862, CR: 0.672, CF1:0.756
					(Compute with top-3 label) OP: 0.918, OR: 0.642, OF1: 0.755, CP: 0.888, CR: 0.606, CF1: 0.721
2022-12-18 05:27:55,424 INFO     [Best] [Epoch 2]: Best mAP is 0.819
2022-12-18 05:27:56,448 INFO     Epoch: [3][0/5174]	Time 0.968 (0.968)	Loss 0.0331 (0.0331)
2022-12-18 05:32:17,847 INFO     Epoch: [3][1000/5174]	Time 0.263 (0.262)	Loss 0.0429 (0.0460)
2022-12-18 05:36:39,585 INFO     Epoch: [3][2000/5174]	Time 0.266 (0.262)	Loss 0.0460 (0.0459)
2022-12-18 05:41:01,381 INFO     Epoch: [3][3000/5174]	Time 0.261 (0.262)	Loss 0.0199 (0.0458)
2022-12-18 05:45:23,475 INFO     Epoch: [3][4000/5174]	Time 0.264 (0.262)	Loss 0.0365 (0.0457)
2022-12-18 05:49:45,568 INFO     Epoch: [3][5000/5174]	Time 0.261 (0.262)	Loss 0.0447 (0.0456)
2022-12-18 05:50:31,766 INFO     Test: [0/2532]	Time 0.867 (0.867)	Loss 0.0925 (0.0925)
2022-12-18 05:53:28,482 INFO     Test: [1000/2532]	Time 0.175 (0.177)	Loss 0.0548 (0.0389)
2022-12-18 05:56:25,279 INFO     Test: [2000/2532]	Time 0.176 (0.177)	Loss 0.0313 (0.0392)
2022-12-18 05:58:45,033 INFO     [Test] mAP: 0.822, averageAP: 0.821
					(Compute with all label) OP: 0.896, OR: 0.706, OF1: 0.790, CP: 0.873, CR: 0.670, CF1:0.758
					(Compute with top-3 label) OP: 0.924, OR: 0.637, OF1: 0.754, CP: 0.896, CR: 0.608, CF1: 0.725
2022-12-18 05:58:53,067 INFO     [Best] [Epoch 3]: Best mAP is 0.822
2022-12-18 05:58:54,119 INFO     Epoch: [4][0/5174]	Time 0.996 (0.996)	Loss 0.0435 (0.0435)
2022-12-18 06:03:15,466 INFO     Epoch: [4][1000/5174]	Time 0.255 (0.262)	Loss 0.0592 (0.0448)
2022-12-18 06:07:37,335 INFO     Epoch: [4][2000/5174]	Time 0.263 (0.262)	Loss 0.0536 (0.0450)
2022-12-18 06:11:59,014 INFO     Epoch: [4][3000/5174]	Time 0.261 (0.262)	Loss 0.0838 (0.0449)
2022-12-18 06:16:20,815 INFO     Epoch: [4][4000/5174]	Time 0.260 (0.262)	Loss 0.0454 (0.0449)
2022-12-18 06:20:42,679 INFO     Epoch: [4][5000/5174]	Time 0.262 (0.262)	Loss 0.0422 (0.0449)
2022-12-18 06:21:29,023 INFO     Test: [0/2532]	Time 0.943 (0.943)	Loss 0.0949 (0.0949)
2022-12-18 06:24:25,442 INFO     Test: [1000/2532]	Time 0.176 (0.177)	Loss 0.0544 (0.0387)
2022-12-18 06:27:21,902 INFO     Test: [2000/2532]	Time 0.176 (0.177)	Loss 0.0328 (0.0390)
2022-12-18 06:29:41,926 INFO     [Test] mAP: 0.824, averageAP: 0.823
					(Compute with all label) OP: 0.883, OR: 0.725, OF1: 0.796, CP: 0.855, CR: 0.689, CF1:0.763
					(Compute with top-3 label) OP: 0.918, OR: 0.645, OF1: 0.758, CP: 0.885, CR: 0.618, CF1: 0.728
2022-12-18 06:29:49,771 INFO     [Best] [Epoch 4]: Best mAP is 0.824
2022-12-18 06:29:50,811 INFO     Epoch: [5][0/5174]	Time 0.981 (0.981)	Loss 0.0604 (0.0604)
2022-12-18 06:34:12,278 INFO     Epoch: [5][1000/5174]	Time 0.262 (0.262)	Loss 0.0191 (0.0441)
2022-12-18 06:38:34,075 INFO     Epoch: [5][2000/5174]	Time 0.261 (0.262)	Loss 0.0705 (0.0440)
2022-12-18 06:42:55,962 INFO     Epoch: [5][3000/5174]	Time 0.262 (0.262)	Loss 0.0321 (0.0442)
2022-12-18 06:47:17,891 INFO     Epoch: [5][4000/5174]	Time 0.262 (0.262)	Loss 0.0491 (0.0442)
2022-12-18 06:51:39,805 INFO     Epoch: [5][5000/5174]	Time 0.274 (0.262)	Loss 0.0544 (0.0443)
2022-12-18 06:52:26,185 INFO     Test: [0/2532]	Time 0.962 (0.962)	Loss 0.0912 (0.0912)
2022-12-18 06:55:23,064 INFO     Test: [1000/2532]	Time 0.176 (0.178)	Loss 0.0553 (0.0386)
2022-12-18 06:58:19,859 INFO     Test: [2000/2532]	Time 0.177 (0.177)	Loss 0.0317 (0.0390)
2022-12-18 07:00:39,849 INFO     [Test] mAP: 0.826, averageAP: 0.826
					(Compute with all label) OP: 0.896, OR: 0.709, OF1: 0.792, CP: 0.880, CR: 0.672, CF1:0.762
					(Compute with top-3 label) OP: 0.925, OR: 0.640, OF1: 0.756, CP: 0.897, CR: 0.608, CF1: 0.725
2022-12-18 07:00:47,742 INFO     [Best] [Epoch 5]: Best mAP is 0.826
2022-12-18 07:00:48,806 INFO     Epoch: [6][0/5174]	Time 1.016 (1.016)	Loss 0.0611 (0.0611)
2022-12-18 07:05:10,032 INFO     Epoch: [6][1000/5174]	Time 0.255 (0.262)	Loss 0.0548 (0.0434)
2022-12-18 07:09:31,779 INFO     Epoch: [6][2000/5174]	Time 0.265 (0.262)	Loss 0.0558 (0.0436)
2022-12-18 07:13:53,540 INFO     Epoch: [6][3000/5174]	Time 0.262 (0.262)	Loss 0.0277 (0.0438)
2022-12-18 07:18:15,235 INFO     Epoch: [6][4000/5174]	Time 0.267 (0.262)	Loss 0.0381 (0.0439)
2022-12-18 07:22:37,103 INFO     Epoch: [6][5000/5174]	Time 0.260 (0.262)	Loss 0.0422 (0.0438)
2022-12-18 07:23:23,334 INFO     Test: [0/2532]	Time 0.894 (0.894)	Loss 0.0866 (0.0866)
2022-12-18 07:26:19,966 INFO     Test: [1000/2532]	Time 0.177 (0.177)	Loss 0.0555 (0.0382)
2022-12-18 07:29:16,613 INFO     Test: [2000/2532]	Time 0.175 (0.177)	Loss 0.0305 (0.0385)
2022-12-18 07:31:36,752 INFO     [Test] mAP: 0.829, averageAP: 0.828
					(Compute with all label) OP: 0.881, OR: 0.730, OF1: 0.799, CP: 0.864, CR: 0.692, CF1:0.768
					(Compute with top-3 label) OP: 0.916, OR: 0.650, OF1: 0.761, CP: 0.888, CR: 0.619, CF1: 0.729
2022-12-18 07:31:44,890 INFO     [Best] [Epoch 6]: Best mAP is 0.829
2022-12-18 07:31:45,958 INFO     Epoch: [7][0/5174]	Time 1.011 (1.011)	Loss 0.0491 (0.0491)
2022-12-18 07:36:07,233 INFO     Epoch: [7][1000/5174]	Time 0.260 (0.262)	Loss 0.0282 (0.0433)
2022-12-18 07:40:28,867 INFO     Epoch: [7][2000/5174]	Time 0.262 (0.262)	Loss 0.0415 (0.0434)
2022-12-18 07:44:50,543 INFO     Epoch: [7][3000/5174]	Time 0.263 (0.262)	Loss 0.0244 (0.0434)
2022-12-18 07:49:12,368 INFO     Epoch: [7][4000/5174]	Time 0.262 (0.262)	Loss 0.0322 (0.0435)
2022-12-18 07:53:34,103 INFO     Epoch: [7][5000/5174]	Time 0.263 (0.262)	Loss 0.0533 (0.0435)
2022-12-18 07:54:20,314 INFO     Test: [0/2532]	Time 0.888 (0.888)	Loss 0.0903 (0.0903)
2022-12-18 07:57:17,062 INFO     Test: [1000/2532]	Time 0.175 (0.177)	Loss 0.0537 (0.0384)
2022-12-18 08:00:13,874 INFO     Test: [2000/2532]	Time 0.176 (0.177)	Loss 0.0306 (0.0388)
2022-12-18 08:02:33,671 INFO     [Test] mAP: 0.827, averageAP: 0.827
					(Compute with all label) OP: 0.888, OR: 0.723, OF1: 0.797, CP: 0.868, CR: 0.682, CF1:0.764
					(Compute with top-3 label) OP: 0.922, OR: 0.646, OF1: 0.760, CP: 0.897, CR: 0.614, CF1: 0.729
2022-12-18 08:02:38,942 INFO     Epoch: [8][0/5174]	Time 0.949 (0.949)	Loss 0.0319 (0.0319)
2022-12-18 08:07:00,291 INFO     Epoch: [8][1000/5174]	Time 0.260 (0.262)	Loss 0.0314 (0.0423)
2022-12-18 08:11:21,976 INFO     Epoch: [8][2000/5174]	Time 0.262 (0.262)	Loss 0.0459 (0.0429)
2022-12-18 08:15:43,820 INFO     Epoch: [8][3000/5174]	Time 0.267 (0.262)	Loss 0.0444 (0.0431)
2022-12-18 08:20:05,693 INFO     Epoch: [8][4000/5174]	Time 0.262 (0.262)	Loss 0.0214 (0.0433)
2022-12-18 08:24:27,451 INFO     Epoch: [8][5000/5174]	Time 0.260 (0.262)	Loss 0.0406 (0.0433)
2022-12-18 08:25:13,786 INFO     Test: [0/2532]	Time 0.981 (0.981)	Loss 0.0936 (0.0936)
2022-12-18 08:28:10,560 INFO     Test: [1000/2532]	Time 0.176 (0.178)	Loss 0.0546 (0.0385)
2022-12-18 08:31:07,350 INFO     Test: [2000/2532]	Time 0.176 (0.177)	Loss 0.0297 (0.0388)
2022-12-18 08:33:27,516 INFO     [Test] mAP: 0.828, averageAP: 0.828
					(Compute with all label) OP: 0.875, OR: 0.735, OF1: 0.799, CP: 0.860, CR: 0.699, CF1:0.771
					(Compute with top-3 label) OP: 0.913, OR: 0.653, OF1: 0.761, CP: 0.887, CR: 0.625, CF1: 0.733
2022-12-18 08:33:32,893 INFO     Epoch: [9][0/5174]	Time 1.041 (1.041)	Loss 0.0489 (0.0489)
2022-12-18 08:37:54,279 INFO     Epoch: [9][1000/5174]	Time 0.262 (0.262)	Loss 0.0481 (0.0424)
2022-12-18 08:42:16,099 INFO     Epoch: [9][2000/5174]	Time 0.257 (0.262)	Loss 0.0587 (0.0427)
2022-12-18 08:46:37,984 INFO     Epoch: [9][3000/5174]	Time 0.262 (0.262)	Loss 0.0451 (0.0427)
2022-12-18 08:50:59,973 INFO     Epoch: [9][4000/5174]	Time 0.264 (0.262)	Loss 0.0500 (0.0427)
2022-12-18 08:55:21,796 INFO     Epoch: [9][5000/5174]	Time 0.261 (0.262)	Loss 0.0394 (0.0429)
2022-12-18 08:56:08,067 INFO     Test: [0/2532]	Time 0.987 (0.987)	Loss 0.0937 (0.0937)
2022-12-18 08:59:04,951 INFO     Test: [1000/2532]	Time 0.178 (0.178)	Loss 0.0575 (0.0382)
2022-12-18 09:02:01,765 INFO     Test: [2000/2532]	Time 0.177 (0.177)	Loss 0.0294 (0.0385)
2022-12-18 09:04:21,727 INFO     [Test] mAP: 0.829, averageAP: 0.829
					(Compute with all label) OP: 0.876, OR: 0.737, OF1: 0.800, CP: 0.849, CR: 0.702, CF1:0.769
					(Compute with top-3 label) OP: 0.914, OR: 0.653, OF1: 0.762, CP: 0.880, CR: 0.627, CF1: 0.732
2022-12-18 09:04:30,089 INFO     [Best] [Epoch 9]: Best mAP is 0.829
2022-12-18 09:04:31,199 INFO     Epoch: [10][0/5174]	Time 1.056 (1.056)	Loss 0.0238 (0.0238)
2022-12-18 09:08:52,499 INFO     Epoch: [10][1000/5174]	Time 0.263 (0.262)	Loss 0.0505 (0.0414)
2022-12-18 09:13:14,305 INFO     Epoch: [10][2000/5174]	Time 0.261 (0.262)	Loss 0.0355 (0.0413)
2022-12-18 09:17:36,100 INFO     Epoch: [10][3000/5174]	Time 0.261 (0.262)	Loss 0.0375 (0.0411)
2022-12-18 09:21:57,926 INFO     Epoch: [10][4000/5174]	Time 0.261 (0.262)	Loss 0.0519 (0.0411)
2022-12-18 09:26:19,635 INFO     Epoch: [10][5000/5174]	Time 0.265 (0.262)	Loss 0.0500 (0.0411)
2022-12-18 09:27:05,862 INFO     Test: [0/2532]	Time 0.914 (0.914)	Loss 0.0899 (0.0899)
2022-12-18 09:30:02,483 INFO     Test: [1000/2532]	Time 0.177 (0.177)	Loss 0.0549 (0.0374)
2022-12-18 09:32:59,192 INFO     Test: [2000/2532]	Time 0.175 (0.177)	Loss 0.0296 (0.0378)
2022-12-18 09:35:21,931 INFO     [Test] mAP: 0.831, averageAP: 0.831
					(Compute with all label) OP: 0.886, OR: 0.735, OF1: 0.804, CP: 0.864, CR: 0.700, CF1:0.774
					(Compute with top-3 label) OP: 0.922, OR: 0.653, OF1: 0.765, CP: 0.889, CR: 0.625, CF1: 0.734
2022-12-18 09:35:30,124 INFO     [Best] [Epoch 10]: Best mAP is 0.831
2022-12-18 09:35:31,175 INFO     Epoch: [11][0/5174]	Time 0.996 (0.996)	Loss 0.0463 (0.0463)
2022-12-18 09:39:52,569 INFO     Epoch: [11][1000/5174]	Time 0.261 (0.262)	Loss 0.0308 (0.0404)
2022-12-18 09:44:14,196 INFO     Epoch: [11][2000/5174]	Time 0.262 (0.262)	Loss 0.0395 (0.0407)
2022-12-18 09:48:35,945 INFO     Epoch: [11][3000/5174]	Time 0.261 (0.262)	Loss 0.0305 (0.0407)
2022-12-18 09:52:57,709 INFO     Epoch: [11][4000/5174]	Time 0.262 (0.262)	Loss 0.0420 (0.0407)
2022-12-18 09:57:19,469 INFO     Epoch: [11][5000/5174]	Time 0.261 (0.262)	Loss 0.0458 (0.0407)
2022-12-18 09:58:05,746 INFO     Test: [0/2532]	Time 0.907 (0.907)	Loss 0.0900 (0.0900)
2022-12-18 10:01:02,640 INFO     Test: [1000/2532]	Time 0.176 (0.178)	Loss 0.0536 (0.0373)
2022-12-18 10:03:59,420 INFO     Test: [2000/2532]	Time 0.177 (0.177)	Loss 0.0302 (0.0377)
2022-12-18 10:06:19,788 INFO     [Test] mAP: 0.832, averageAP: 0.831
					(Compute with all label) OP: 0.892, OR: 0.731, OF1: 0.803, CP: 0.868, CR: 0.697, CF1:0.773
					(Compute with top-3 label) OP: 0.926, OR: 0.651, OF1: 0.764, CP: 0.892, CR: 0.625, CF1: 0.735
2022-12-18 10:06:27,945 INFO     [Best] [Epoch 11]: Best mAP is 0.832
2022-12-18 10:06:28,996 INFO     Epoch: [12][0/5174]	Time 0.991 (0.991)	Loss 0.0486 (0.0486)
2022-12-18 10:10:50,267 INFO     Epoch: [12][1000/5174]	Time 0.264 (0.262)	Loss 0.0357 (0.0404)
2022-12-18 10:15:11,959 INFO     Epoch: [12][2000/5174]	Time 0.261 (0.262)	Loss 0.0318 (0.0404)
2022-12-18 10:19:33,642 INFO     Epoch: [12][3000/5174]	Time 0.261 (0.262)	Loss 0.0623 (0.0405)
2022-12-18 10:23:55,520 INFO     Epoch: [12][4000/5174]	Time 0.261 (0.262)	Loss 0.0469 (0.0405)
2022-12-18 10:28:17,526 INFO     Epoch: [12][5000/5174]	Time 0.260 (0.262)	Loss 0.0318 (0.0405)
2022-12-18 10:29:03,737 INFO     Test: [0/2532]	Time 0.887 (0.887)	Loss 0.0899 (0.0899)
2022-12-18 10:32:00,640 INFO     Test: [1000/2532]	Time 0.177 (0.178)	Loss 0.0534 (0.0373)
2022-12-18 10:34:57,413 INFO     Test: [2000/2532]	Time 0.176 (0.177)	Loss 0.0302 (0.0376)
2022-12-18 10:37:16,005 INFO     [Test] mAP: 0.832, averageAP: 0.831
					(Compute with all label) OP: 0.893, OR: 0.730, OF1: 0.804, CP: 0.872, CR: 0.695, CF1:0.773
					(Compute with top-3 label) OP: 0.926, OR: 0.651, OF1: 0.765, CP: 0.896, CR: 0.623, CF1: 0.735
2022-12-18 10:37:24,071 INFO     [Best] [Epoch 12]: Best mAP is 0.832
2022-12-18 10:37:25,171 INFO     Epoch: [13][0/5174]	Time 1.043 (1.043)	Loss 0.0227 (0.0227)
2022-12-18 10:41:46,482 INFO     Epoch: [13][1000/5174]	Time 0.263 (0.262)	Loss 0.0463 (0.0402)
2022-12-18 10:46:08,152 INFO     Epoch: [13][2000/5174]	Time 0.262 (0.262)	Loss 0.0530 (0.0403)
2022-12-18 10:50:30,033 INFO     Epoch: [13][3000/5174]	Time 0.259 (0.262)	Loss 0.0258 (0.0403)
2022-12-18 10:54:51,880 INFO     Epoch: [13][4000/5174]	Time 0.261 (0.262)	Loss 0.0313 (0.0404)
2022-12-18 10:59:13,701 INFO     Epoch: [13][5000/5174]	Time 0.265 (0.262)	Loss 0.0379 (0.0404)
2022-12-18 10:59:59,992 INFO     Test: [0/2532]	Time 0.912 (0.912)	Loss 0.0896 (0.0896)
2022-12-18 11:02:56,803 INFO     Test: [1000/2532]	Time 0.178 (0.178)	Loss 0.0536 (0.0374)
2022-12-18 11:05:53,581 INFO     Test: [2000/2532]	Time 0.180 (0.177)	Loss 0.0310 (0.0377)
2022-12-18 11:08:13,389 INFO     [Test] mAP: 0.832, averageAP: 0.831
					(Compute with all label) OP: 0.893, OR: 0.730, OF1: 0.803, CP: 0.868, CR: 0.695, CF1:0.772
					(Compute with top-3 label) OP: 0.926, OR: 0.650, OF1: 0.764, CP: 0.893, CR: 0.623, CF1: 0.734
2022-12-18 11:08:21,599 INFO     [Best] [Epoch 13]: Best mAP is 0.832
2022-12-18 11:08:22,631 INFO     Epoch: [14][0/5174]	Time 0.975 (0.975)	Loss 0.0250 (0.0250)
2022-12-18 11:12:44,120 INFO     Epoch: [14][1000/5174]	Time 0.262 (0.262)	Loss 0.0350 (0.0402)
2022-12-18 11:17:05,738 INFO     Epoch: [14][2000/5174]	Time 0.265 (0.262)	Loss 0.0352 (0.0401)
2022-12-18 11:21:27,607 INFO     Epoch: [14][3000/5174]	Time 0.265 (0.262)	Loss 0.0416 (0.0403)
2022-12-18 11:25:49,167 INFO     Epoch: [14][4000/5174]	Time 0.260 (0.262)	Loss 0.0558 (0.0403)
2022-12-18 11:30:10,690 INFO     Epoch: [14][5000/5174]	Time 0.262 (0.262)	Loss 0.0219 (0.0402)
2022-12-18 11:30:56,922 INFO     Test: [0/2532]	Time 0.902 (0.902)	Loss 0.0897 (0.0897)
2022-12-18 11:33:53,144 INFO     Test: [1000/2532]	Time 0.176 (0.177)	Loss 0.0544 (0.0373)
2022-12-18 11:36:49,745 INFO     Test: [2000/2532]	Time 0.177 (0.177)	Loss 0.0308 (0.0377)
2022-12-18 11:39:09,682 INFO     [Test] mAP: 0.832, averageAP: 0.832
					(Compute with all label) OP: 0.891, OR: 0.731, OF1: 0.804, CP: 0.865, CR: 0.698, CF1:0.773
					(Compute with top-3 label) OP: 0.925, OR: 0.652, OF1: 0.765, CP: 0.892, CR: 0.626, CF1: 0.736
2022-12-18 11:39:18,126 INFO     [Best] [Epoch 14]: Best mAP is 0.832
2022-12-18 11:39:19,131 INFO     Epoch: [15][0/5174]	Time 0.942 (0.942)	Loss 0.0356 (0.0356)
2022-12-18 11:43:40,235 INFO     Epoch: [15][1000/5174]	Time 0.261 (0.262)	Loss 0.0389 (0.0400)
2022-12-18 11:48:01,865 INFO     Epoch: [15][2000/5174]	Time 0.264 (0.262)	Loss 0.0419 (0.0399)
2022-12-18 11:52:23,612 INFO     Epoch: [15][3000/5174]	Time 0.260 (0.262)	Loss 0.0345 (0.0402)
2022-12-18 11:56:45,492 INFO     Epoch: [15][4000/5174]	Time 0.263 (0.262)	Loss 0.0367 (0.0403)
2022-12-18 12:01:07,075 INFO     Epoch: [15][5000/5174]	Time 0.261 (0.262)	Loss 0.0254 (0.0402)
2022-12-18 12:01:53,254 INFO     Test: [0/2532]	Time 0.933 (0.933)	Loss 0.0886 (0.0886)
2022-12-18 12:04:48,830 INFO     Test: [1000/2532]	Time 0.175 (0.176)	Loss 0.0529 (0.0374)
2022-12-18 12:07:44,343 INFO     Test: [2000/2532]	Time 0.176 (0.176)	Loss 0.0316 (0.0377)
2022-12-18 12:10:03,587 INFO     [Test] mAP: 0.832, averageAP: 0.831
					(Compute with all label) OP: 0.888, OR: 0.735, OF1: 0.804, CP: 0.865, CR: 0.701, CF1:0.774
					(Compute with top-3 label) OP: 0.923, OR: 0.654, OF1: 0.765, CP: 0.891, CR: 0.627, CF1: 0.736
2022-12-18 12:10:08,562 INFO     Epoch: [16][0/5174]	Time 0.960 (0.960)	Loss 0.0441 (0.0441)
2022-12-18 12:14:28,756 INFO     Epoch: [16][1000/5174]	Time 0.262 (0.261)	Loss 0.0481 (0.0398)
2022-12-18 12:18:49,365 INFO     Epoch: [16][2000/5174]	Time 0.260 (0.261)	Loss 0.0345 (0.0400)
2022-12-18 12:23:10,128 INFO     Epoch: [16][3000/5174]	Time 0.260 (0.261)	Loss 0.0389 (0.0400)
2022-12-18 12:27:31,286 INFO     Epoch: [16][4000/5174]	Time 0.261 (0.261)	Loss 0.0282 (0.0401)
2022-12-18 12:31:52,949 INFO     Epoch: [16][5000/5174]	Time 0.261 (0.261)	Loss 0.0480 (0.0401)
2022-12-18 12:32:39,154 INFO     Test: [0/2532]	Time 0.887 (0.887)	Loss 0.0901 (0.0901)
2022-12-18 12:35:35,831 INFO     Test: [1000/2532]	Time 0.176 (0.177)	Loss 0.0543 (0.0373)
2022-12-18 12:38:32,977 INFO     Test: [2000/2532]	Time 0.175 (0.177)	Loss 0.0311 (0.0377)
2022-12-18 12:40:58,577 INFO     [Test] mAP: 0.832, averageAP: 0.831
					(Compute with all label) OP: 0.892, OR: 0.731, OF1: 0.804, CP: 0.871, CR: 0.695, CF1:0.773
					(Compute with top-3 label) OP: 0.925, OR: 0.652, OF1: 0.765, CP: 0.898, CR: 0.624, CF1: 0.736
2022-12-18 12:41:03,870 INFO     Epoch: [17][0/5174]	Time 1.008 (1.008)	Loss 0.0390 (0.0390)
2022-12-18 12:45:25,308 INFO     Epoch: [17][1000/5174]	Time 0.262 (0.262)	Loss 0.0326 (0.0401)
2022-12-18 12:49:47,061 INFO     Epoch: [17][2000/5174]	Time 0.265 (0.262)	Loss 0.0339 (0.0401)
2022-12-18 12:54:08,862 INFO     Epoch: [17][3000/5174]	Time 0.270 (0.262)	Loss 0.0448 (0.0403)
2022-12-18 12:58:30,860 INFO     Epoch: [17][4000/5174]	Time 0.260 (0.262)	Loss 0.0534 (0.0402)
2022-12-18 13:02:52,667 INFO     Epoch: [17][5000/5174]	Time 0.263 (0.262)	Loss 0.0293 (0.0402)
2022-12-18 13:03:39,004 INFO     Test: [0/2532]	Time 0.967 (0.967)	Loss 0.0896 (0.0896)
2022-12-18 13:06:35,482 INFO     Test: [1000/2532]	Time 0.177 (0.177)	Loss 0.0537 (0.0373)
2022-12-18 13:09:32,014 INFO     Test: [2000/2532]	Time 0.177 (0.177)	Loss 0.0314 (0.0377)
2022-12-18 13:11:52,139 INFO     [Test] mAP: 0.832, averageAP: 0.831
					(Compute with all label) OP: 0.891, OR: 0.732, OF1: 0.803, CP: 0.865, CR: 0.697, CF1:0.772
					(Compute with top-3 label) OP: 0.924, OR: 0.652, OF1: 0.765, CP: 0.891, CR: 0.625, CF1: 0.735
2022-12-18 13:11:57,125 INFO     Epoch: [18][0/5174]	Time 0.971 (0.971)	Loss 0.0325 (0.0325)
2022-12-18 13:16:18,472 INFO     Epoch: [18][1000/5174]	Time 0.261 (0.262)	Loss 0.0412 (0.0395)
2022-12-18 13:20:40,220 INFO     Epoch: [18][2000/5174]	Time 0.265 (0.262)	Loss 0.0301 (0.0400)
2022-12-18 13:25:01,803 INFO     Epoch: [18][3000/5174]	Time 0.260 (0.262)	Loss 0.0348 (0.0400)
2022-12-18 13:29:23,608 INFO     Epoch: [18][4000/5174]	Time 0.265 (0.262)	Loss 0.0487 (0.0400)
2022-12-18 13:33:45,392 INFO     Epoch: [18][5000/5174]	Time 0.261 (0.262)	Loss 0.0378 (0.0400)
2022-12-18 13:34:31,657 INFO     Test: [0/2532]	Time 0.934 (0.934)	Loss 0.0902 (0.0902)
2022-12-18 13:37:28,450 INFO     Test: [1000/2532]	Time 0.177 (0.178)	Loss 0.0533 (0.0374)
2022-12-18 13:40:25,329 INFO     Test: [2000/2532]	Time 0.176 (0.177)	Loss 0.0308 (0.0377)
2022-12-18 13:42:45,269 INFO     [Test] mAP: 0.832, averageAP: 0.831
					(Compute with all label) OP: 0.890, OR: 0.732, OF1: 0.804, CP: 0.865, CR: 0.698, CF1:0.773
					(Compute with top-3 label) OP: 0.924, OR: 0.652, OF1: 0.765, CP: 0.893, CR: 0.625, CF1: 0.735
2022-12-18 13:42:50,454 INFO     Epoch: [19][0/5174]	Time 1.005 (1.005)	Loss 0.0413 (0.0413)
2022-12-18 13:47:11,862 INFO     Epoch: [19][1000/5174]	Time 0.263 (0.262)	Loss 0.0398 (0.0403)
2022-12-18 13:51:33,562 INFO     Epoch: [19][2000/5174]	Time 0.263 (0.262)	Loss 0.0538 (0.0402)
2022-12-18 13:55:55,303 INFO     Epoch: [19][3000/5174]	Time 0.263 (0.262)	Loss 0.0301 (0.0402)
2022-12-18 14:00:17,058 INFO     Epoch: [19][4000/5174]	Time 0.260 (0.262)	Loss 0.0559 (0.0400)
2022-12-18 14:04:38,913 INFO     Epoch: [19][5000/5174]	Time 0.260 (0.262)	Loss 0.0286 (0.0400)
2022-12-18 14:05:25,207 INFO     Test: [0/2532]	Time 0.880 (0.880)	Loss 0.0897 (0.0897)
2022-12-18 14:08:21,951 INFO     Test: [1000/2532]	Time 0.176 (0.177)	Loss 0.0534 (0.0375)
2022-12-18 14:11:18,640 INFO     Test: [2000/2532]	Time 0.176 (0.177)	Loss 0.0317 (0.0378)
2022-12-18 14:13:38,643 INFO     [Test] mAP: 0.832, averageAP: 0.831
					(Compute with all label) OP: 0.887, OR: 0.736, OF1: 0.804, CP: 0.861, CR: 0.702, CF1:0.773
					(Compute with top-3 label) OP: 0.922, OR: 0.654, OF1: 0.765, CP: 0.890, CR: 0.627, CF1: 0.736