2022-12-19 04:06:09,044 INFO     ==========================================
2022-12-19 04:06:09,045 INFO     ==========       CONFIG      =============
2022-12-19 04:06:09,045 INFO     ==========================================
2022-12-19 04:06:09,045 INFO     dataset: COCO
2022-12-19 04:06:09,045 INFO     train_data: /data/public/coco2014/train2014
2022-12-19 04:06:09,045 INFO     test_data: /data/public/coco2014/val2014
2022-12-19 04:06:09,045 INFO     train_list: /data/public/coco2014/annotations/instances_train2014.json
2022-12-19 04:06:09,045 INFO     test_list: /data/public/coco2014/annotations/instances_val2014.json
2022-12-19 04:06:09,045 INFO     train_label: ./data/coco/train_label_vectors.npy
2022-12-19 04:06:09,045 INFO     graph_file: ./data/coco/prob_train.npy
2022-12-19 04:06:09,045 INFO     word_file: ./data/coco/vectors.npy
2022-12-19 04:06:09,045 INFO     test_label: ./data/coco/val_label_vectors.npy
2022-12-19 04:06:09,045 INFO     print_freq: 1000
2022-12-19 04:06:09,045 INFO     workers: 5
2022-12-19 04:06:09,045 INFO     epochs: 20
2022-12-19 04:06:09,045 INFO     start_epoch: 0
2022-12-19 04:06:09,045 INFO     step_epoch: 10
2022-12-19 04:06:09,046 INFO     batch_size: 16
2022-12-19 04:06:09,046 INFO     lr: 0.0003
2022-12-19 04:06:09,046 INFO     momentum: 0.9
2022-12-19 04:06:09,046 INFO     weight_decay: 0.0
2022-12-19 04:06:09,046 INFO     resume: 
2022-12-19 04:06:09,046 INFO     crop_size: 448
2022-12-19 04:06:09,046 INFO     scale_size: 512
2022-12-19 04:06:09,046 INFO     evaluate: False
2022-12-19 04:06:09,046 INFO     post: SD-CLIP_BASE_ATTN-COCO-exp2.0-lr3e-4-bs16
2022-12-19 04:06:09,046 INFO     num_classes: 80
2022-12-19 04:06:09,046 INFO     backbone_name: RN101
2022-12-19 04:06:09,046 INFO     category_file: ./data/coco/category_name.json
2022-12-19 04:06:09,046 INFO     n_ctx: 16
2022-12-19 04:06:09,046 INFO     ctx_init: False
2022-12-19 04:06:09,046 INFO     csc: False
2022-12-19 04:06:09,046 INFO     class_token_position: end
2022-12-19 04:06:09,046 INFO     openset: False
2022-12-19 04:06:09,046 INFO     ==========================================
2022-12-19 04:06:09,046 INFO     ===========        END        ============
2022-12-19 04:06:09,046 INFO     ==========================================
2022-12-19 04:06:09,046 INFO     

2022-12-19 04:06:09,046 INFO     ==> Creating dataloader...
You will perform multi-scale on images for scale 640
loading annotations into memory...
Done (t=11.64s)
creating index...
index created!
loading annotations into memory...
Done (t=5.92s)
creating index...
index created!
2022-12-19 04:06:29,335 INFO     ==> Done!

2022-12-19 04:06:29,335 INFO     ==> Loading the network ...
2022-12-19 04:06:38,004 INFO     ==> Done!

2022-12-19 04:06:38,004 INFO     Run Experiment...
2022-12-19 04:06:39,989 INFO     Epoch: [0][0/5174]	Time 1.953 (1.953)	Loss 0.6971 (0.6971)
2022-12-19 04:09:01,978 INFO     Epoch: [0][1000/5174]	Time 0.142 (0.144)	Loss 0.0923 (0.1599)
2022-12-19 04:11:24,778 INFO     Epoch: [0][2000/5174]	Time 0.142 (0.143)	Loss 0.0708 (0.1199)
2022-12-19 04:13:47,734 INFO     Epoch: [0][3000/5174]	Time 0.142 (0.143)	Loss 0.0489 (0.1025)
2022-12-19 04:16:10,508 INFO     Epoch: [0][4000/5174]	Time 0.143 (0.143)	Loss 0.0612 (0.0925)
2022-12-19 04:18:33,370 INFO     Epoch: [0][5000/5174]	Time 0.142 (0.143)	Loss 0.0793 (0.0860)
2022-12-19 04:18:58,911 INFO     Test: [0/2532]	Time 0.849 (0.849)	Loss 0.1010 (0.1010)
2022-12-19 04:20:56,946 INFO     Test: [1000/2532]	Time 0.118 (0.119)	Loss 0.0744 (0.0508)
2022-12-19 04:22:55,162 INFO     Test: [2000/2532]	Time 0.119 (0.118)	Loss 0.0484 (0.0511)
2022-12-19 04:24:44,629 INFO     [Test] mAP: 0.717, averageAP: 0.715
					(Compute with all label) OP: 0.846, OR: 0.639, OF1: 0.728, CP: 0.786, CR: 0.563, CF1:0.656
					(Compute with top-3 label) OP: 0.881, OR: 0.581, OF1: 0.701, CP: 0.813, CR: 0.510, CF1: 0.627
2022-12-19 04:24:46,658 INFO     [Best] [Epoch 0]: Best mAP is 0.717
2022-12-19 04:24:47,708 INFO     Epoch: [1][0/5174]	Time 0.935 (0.935)	Loss 0.0552 (0.0552)
2022-12-19 04:27:10,189 INFO     Epoch: [1][1000/5174]	Time 0.143 (0.143)	Loss 0.0595 (0.0575)
2022-12-19 04:29:32,944 INFO     Epoch: [1][2000/5174]	Time 0.152 (0.143)	Loss 0.0689 (0.0573)
2022-12-19 04:31:55,865 INFO     Epoch: [1][3000/5174]	Time 0.142 (0.143)	Loss 0.0836 (0.0566)
2022-12-19 04:34:18,800 INFO     Epoch: [1][4000/5174]	Time 0.143 (0.143)	Loss 0.0633 (0.0562)
2022-12-19 04:36:41,976 INFO     Epoch: [1][5000/5174]	Time 0.144 (0.143)	Loss 0.0570 (0.0559)
2022-12-19 04:37:07,553 INFO     Test: [0/2532]	Time 0.770 (0.770)	Loss 0.0995 (0.0995)
2022-12-19 04:39:06,227 INFO     Test: [1000/2532]	Time 0.118 (0.119)	Loss 0.0619 (0.0457)
2022-12-19 04:41:04,821 INFO     Test: [2000/2532]	Time 0.117 (0.119)	Loss 0.0434 (0.0460)
2022-12-19 04:42:51,940 INFO     [Test] mAP: 0.763, averageAP: 0.761
					(Compute with all label) OP: 0.872, OR: 0.667, OF1: 0.756, CP: 0.828, CR: 0.605, CF1:0.699
					(Compute with top-3 label) OP: 0.901, OR: 0.606, OF1: 0.725, CP: 0.851, CR: 0.550, CF1: 0.668
2022-12-19 04:42:54,306 INFO     [Best] [Epoch 1]: Best mAP is 0.763
2022-12-19 04:42:55,279 INFO     Epoch: [2][0/5174]	Time 0.857 (0.857)	Loss 0.0602 (0.0602)
2022-12-19 04:45:18,119 INFO     Epoch: [2][1000/5174]	Time 0.141 (0.144)	Loss 0.0475 (0.0533)
2022-12-19 04:47:41,417 INFO     Epoch: [2][2000/5174]	Time 0.137 (0.143)	Loss 0.0439 (0.0530)
2022-12-19 04:50:04,824 INFO     Epoch: [2][3000/5174]	Time 0.137 (0.143)	Loss 0.0498 (0.0531)
2022-12-19 04:52:28,448 INFO     Epoch: [2][4000/5174]	Time 0.151 (0.143)	Loss 0.0505 (0.0528)
2022-12-19 04:54:51,993 INFO     Epoch: [2][5000/5174]	Time 0.142 (0.143)	Loss 0.0634 (0.0525)
2022-12-19 04:55:17,603 INFO     Test: [0/2532]	Time 0.772 (0.772)	Loss 0.0961 (0.0961)
2022-12-19 04:57:16,589 INFO     Test: [1000/2532]	Time 0.118 (0.120)	Loss 0.0592 (0.0435)
2022-12-19 04:59:15,405 INFO     Test: [2000/2532]	Time 0.120 (0.119)	Loss 0.0350 (0.0439)
2022-12-19 05:01:03,872 INFO     [Test] mAP: 0.780, averageAP: 0.779
					(Compute with all label) OP: 0.878, OR: 0.682, OF1: 0.768, CP: 0.833, CR: 0.632, CF1:0.718
					(Compute with top-3 label) OP: 0.909, OR: 0.617, OF1: 0.735, CP: 0.857, CR: 0.572, CF1: 0.686
2022-12-19 05:01:06,269 INFO     [Best] [Epoch 2]: Best mAP is 0.780
2022-12-19 05:01:07,529 INFO     Epoch: [3][0/5174]	Time 1.149 (1.149)	Loss 0.0512 (0.0512)
2022-12-19 05:03:30,599 INFO     Epoch: [3][1000/5174]	Time 0.140 (0.144)	Loss 0.0406 (0.0509)
2022-12-19 05:05:53,886 INFO     Epoch: [3][2000/5174]	Time 0.146 (0.144)	Loss 0.0465 (0.0507)
2022-12-19 05:08:17,361 INFO     Epoch: [3][3000/5174]	Time 0.152 (0.144)	Loss 0.0722 (0.0508)
2022-12-19 05:10:40,811 INFO     Epoch: [3][4000/5174]	Time 0.138 (0.144)	Loss 0.0540 (0.0508)
2022-12-19 05:13:04,418 INFO     Epoch: [3][5000/5174]	Time 0.145 (0.144)	Loss 0.0776 (0.0507)
2022-12-19 05:13:30,076 INFO     Test: [0/2532]	Time 0.798 (0.798)	Loss 0.0991 (0.0991)
2022-12-19 05:15:28,747 INFO     Test: [1000/2532]	Time 0.118 (0.119)	Loss 0.0581 (0.0425)
2022-12-19 05:17:27,572 INFO     Test: [2000/2532]	Time 0.119 (0.119)	Loss 0.0363 (0.0429)
2022-12-19 05:19:16,137 INFO     [Test] mAP: 0.790, averageAP: 0.789
					(Compute with all label) OP: 0.888, OR: 0.681, OF1: 0.771, CP: 0.847, CR: 0.632, CF1:0.724
					(Compute with top-3 label) OP: 0.916, OR: 0.617, OF1: 0.738, CP: 0.869, CR: 0.574, CF1: 0.691
2022-12-19 05:19:18,550 INFO     [Best] [Epoch 3]: Best mAP is 0.790
2022-12-19 05:19:19,528 INFO     Epoch: [4][0/5174]	Time 0.855 (0.855)	Loss 0.0684 (0.0684)
2022-12-19 05:21:42,364 INFO     Epoch: [4][1000/5174]	Time 0.143 (0.144)	Loss 0.0698 (0.0497)
2022-12-19 05:24:05,489 INFO     Epoch: [4][2000/5174]	Time 0.142 (0.143)	Loss 0.0720 (0.0497)
2022-12-19 05:26:28,955 INFO     Epoch: [4][3000/5174]	Time 0.143 (0.143)	Loss 0.0521 (0.0498)
slurmstepd: error: *** JOB 468965 ON g0036 CANCELLED AT 2022-12-19T05:27:42 ***
