2022-12-20 21:23:05,581 INFO     ==========================================
2022-12-20 21:23:05,582 INFO     ==========       CONFIG      =============
2022-12-20 21:23:05,582 INFO     ==========================================
2022-12-20 21:23:05,582 INFO     dataset: COCO
2022-12-20 21:23:05,582 INFO     train_data: /data/public/coco2014/train2014
2022-12-20 21:23:05,582 INFO     test_data: /data/public/coco2014/val2014
2022-12-20 21:23:05,582 INFO     train_list: /data/public/coco2014/annotations/instances_train2014.json
2022-12-20 21:23:05,582 INFO     test_list: /data/public/coco2014/annotations/instances_val2014.json
2022-12-20 21:23:05,582 INFO     train_label: ./data/coco/train_label_vectors.npy
2022-12-20 21:23:05,582 INFO     graph_file: ./data/coco/prob_train.npy
2022-12-20 21:23:05,582 INFO     word_file: ./data/coco/vectors.npy
2022-12-20 21:23:05,582 INFO     test_label: ./data/coco/val_label_vectors.npy
2022-12-20 21:23:05,582 INFO     print_freq: 100
2022-12-20 21:23:05,582 INFO     workers: 5
2022-12-20 21:23:05,582 INFO     epochs: 20
2022-12-20 21:23:05,582 INFO     start_epoch: 0
2022-12-20 21:23:05,582 INFO     step_epoch: 10
2022-12-20 21:23:05,582 INFO     batch_size: 64
2022-12-20 21:23:05,583 INFO     lr: 0.001
2022-12-20 21:23:05,583 INFO     momentum: 0.9
2022-12-20 21:23:05,583 INFO     weight_decay: 0.0
2022-12-20 21:23:05,583 INFO     resume: 
2022-12-20 21:23:05,583 INFO     crop_size: 448
2022-12-20 21:23:05,583 INFO     scale_size: 512
2022-12-20 21:23:05,583 INFO     evaluate: False
2022-12-20 21:23:05,583 INFO     post: Openset_SD-exp2.0-lr1e-3-bs16
2022-12-20 21:23:05,583 INFO     num_classes: 80
2022-12-20 21:23:05,583 INFO     backbone_name: RN101
2022-12-20 21:23:05,583 INFO     category_file: ./data/coco/category_name.json
2022-12-20 21:23:05,583 INFO     n_ctx: 16
2022-12-20 21:23:05,583 INFO     ctx_init: False
2022-12-20 21:23:05,583 INFO     csc: False
2022-12-20 21:23:05,583 INFO     class_token_position: end
2022-12-20 21:23:05,583 INFO     openset: True
2022-12-20 21:23:05,583 INFO     ==========================================
2022-12-20 21:23:05,583 INFO     ===========        END        ============
2022-12-20 21:23:05,583 INFO     ==========================================
2022-12-20 21:23:05,583 INFO     

2022-12-20 21:23:05,583 INFO     ==> Creating dataloader...
You will perform multi-scale on images for scale 640
loading annotations into memory...
Done (t=11.66s)
creating index...
index created!
loading annotations into memory...
Done (t=6.00s)
creating index...
index created!
2022-12-20 21:23:25,770 INFO     ==> Done!

2022-12-20 21:23:25,770 INFO     ==> Loading the network ...
2022-12-20 21:23:35,316 INFO     ==> Done!

2022-12-20 21:23:35,317 INFO     Run Experiment...
2022-12-20 21:23:39,945 INFO     Epoch: [0][0/1294]	Time 4.538 (4.538)	Loss 0.7073 (0.7073)
2022-12-20 21:24:31,489 INFO     Epoch: [0][100/1294]	Time 0.516 (0.551)	Loss 0.1699 (0.1767)
2022-12-20 21:25:23,292 INFO     Epoch: [0][200/1294]	Time 0.520 (0.535)	Loss 0.1200 (0.1655)
2022-12-20 21:26:15,460 INFO     Epoch: [0][300/1294]	Time 0.524 (0.530)	Loss 0.1190 (0.1532)
2022-12-20 21:27:07,870 INFO     Epoch: [0][400/1294]	Time 0.522 (0.529)	Loss 0.1004 (0.1419)
2022-12-20 21:28:00,336 INFO     Epoch: [0][500/1294]	Time 0.524 (0.528)	Loss 0.0805 (0.1305)
2022-12-20 21:28:52,778 INFO     Epoch: [0][600/1294]	Time 0.525 (0.527)	Loss 0.0773 (0.1207)
2022-12-20 21:29:45,193 INFO     Epoch: [0][700/1294]	Time 0.523 (0.527)	Loss 0.0693 (0.1129)
2022-12-20 21:30:37,629 INFO     Epoch: [0][800/1294]	Time 0.522 (0.527)	Loss 0.0552 (0.1068)
2022-12-20 21:31:30,065 INFO     Epoch: [0][900/1294]	Time 0.524 (0.526)	Loss 0.0525 (0.1017)
2022-12-20 21:32:22,506 INFO     Epoch: [0][1000/1294]	Time 0.523 (0.526)	Loss 0.0424 (0.0975)
2022-12-20 21:33:14,934 INFO     Epoch: [0][1100/1294]	Time 0.523 (0.526)	Loss 0.0579 (0.0940)
2022-12-20 21:34:07,368 INFO     Epoch: [0][1200/1294]	Time 0.523 (0.526)	Loss 0.0462 (0.0910)
2022-12-20 21:34:58,149 INFO     Test: [0/633]	Time 2.286 (2.286)	Loss 0.1567 (0.1567)
2022-12-20 21:35:44,590 INFO     Test: [100/633]	Time 0.459 (0.482)	Loss 0.0459 (0.0768)
2022-12-20 21:36:30,540 INFO     Test: [200/633]	Time 0.460 (0.471)	Loss 0.0378 (0.0746)
2022-12-20 21:37:16,495 INFO     Test: [300/633]	Time 0.463 (0.467)	Loss 0.1204 (0.0754)
2022-12-20 21:38:02,440 INFO     Test: [400/633]	Time 0.459 (0.465)	Loss 0.1570 (0.0762)
2022-12-20 21:38:48,390 INFO     Test: [500/633]	Time 0.461 (0.464)	Loss 0.0383 (0.0758)
2022-12-20 21:39:34,363 INFO     Test: [600/633]	Time 0.459 (0.463)	Loss 0.0297 (0.0763)
2022-12-20 21:41:04,959 INFO     base_mAP:0.785

2022-12-20 21:41:04,959 INFO     novel_mAP:0.064

2022-12-20 21:41:04,959 INFO     [Test] mAP: 0.606, averageAP: 0.604
					(Compute with all label) OP: 0.842, OR: 0.567, OF1: 0.678, CP: 0.633, CR: 0.498, CF1:0.557
					(Compute with top-3 label) OP: 0.882, OR: 0.530, OF1: 0.662, CP: 0.636, CR: 0.464, CF1: 0.536
2022-12-20 21:41:07,159 INFO     [Best] [Epoch 0]: Best mAP is 0.606
2022-12-20 21:41:09,630 INFO     Epoch: [1][0/1294]	Time 1.975 (1.975)	Loss 0.0475 (0.0475)
2022-12-20 21:42:01,689 INFO     Epoch: [1][100/1294]	Time 0.520 (0.535)	Loss 0.0518 (0.0560)
2022-12-20 21:42:53,956 INFO     Epoch: [1][200/1294]	Time 0.527 (0.529)	Loss 0.0555 (0.0566)
2022-12-20 21:43:46,287 INFO     Epoch: [1][300/1294]	Time 0.526 (0.527)	Loss 0.0524 (0.0568)
2022-12-20 21:44:38,638 INFO     Epoch: [1][400/1294]	Time 0.526 (0.526)	Loss 0.0596 (0.0565)
2022-12-20 21:45:30,992 INFO     Epoch: [1][500/1294]	Time 0.522 (0.526)	Loss 0.0493 (0.0566)
2022-12-20 21:46:23,336 INFO     Epoch: [1][600/1294]	Time 0.523 (0.525)	Loss 0.0477 (0.0566)
2022-12-20 21:47:15,728 INFO     Epoch: [1][700/1294]	Time 0.520 (0.525)	Loss 0.0495 (0.0564)
2022-12-20 21:48:08,084 INFO     Epoch: [1][800/1294]	Time 0.525 (0.525)	Loss 0.0475 (0.0564)
2022-12-20 21:49:00,446 INFO     Epoch: [1][900/1294]	Time 0.524 (0.525)	Loss 0.0457 (0.0562)
2022-12-20 21:49:52,829 INFO     Epoch: [1][1000/1294]	Time 0.525 (0.525)	Loss 0.0548 (0.0562)
2022-12-20 21:50:45,194 INFO     Epoch: [1][1100/1294]	Time 0.525 (0.525)	Loss 0.0634 (0.0562)
2022-12-20 21:51:37,564 INFO     Epoch: [1][1200/1294]	Time 0.522 (0.524)	Loss 0.0456 (0.0562)
2022-12-20 21:52:28,125 INFO     Test: [0/633]	Time 2.120 (2.120)	Loss 0.1553 (0.1553)
2022-12-20 21:53:14,028 INFO     Test: [100/633]	Time 0.459 (0.475)	Loss 0.0420 (0.0748)
2022-12-20 21:53:59,920 INFO     Test: [200/633]	Time 0.459 (0.467)	Loss 0.0346 (0.0725)
2022-12-20 21:54:45,804 INFO     Test: [300/633]	Time 0.462 (0.464)	Loss 0.1199 (0.0732)
2022-12-20 21:55:31,714 INFO     Test: [400/633]	Time 0.459 (0.463)	Loss 0.1515 (0.0739)
2022-12-20 21:56:17,604 INFO     Test: [500/633]	Time 0.461 (0.462)	Loss 0.0389 (0.0736)
2022-12-20 21:57:03,523 INFO     Test: [600/633]	Time 0.455 (0.462)	Loss 0.0260 (0.0740)
2022-12-20 21:58:35,879 INFO     base_mAP:0.805

2022-12-20 21:58:35,879 INFO     novel_mAP:0.063

2022-12-20 21:58:35,879 INFO     [Test] mAP: 0.621, averageAP: 0.620
					(Compute with all label) OP: 0.868, OR: 0.574, OF1: 0.691, CP: 0.646, CR: 0.507, CF1:0.568
					(Compute with top-3 label) OP: 0.895, OR: 0.539, OF1: 0.673, CP: 0.653, CR: 0.476, CF1: 0.550
2022-12-20 21:58:38,511 INFO     [Best] [Epoch 1]: Best mAP is 0.621
2022-12-20 21:58:40,974 INFO     Epoch: [2][0/1294]	Time 1.972 (1.972)	Loss 0.0504 (0.0504)
2022-12-20 21:59:32,996 INFO     Epoch: [2][100/1294]	Time 0.521 (0.535)	Loss 0.0562 (0.0552)
2022-12-20 22:00:25,274 INFO     Epoch: [2][200/1294]	Time 0.521 (0.529)	Loss 0.0519 (0.0546)
2022-12-20 22:01:17,626 INFO     Epoch: [2][300/1294]	Time 0.520 (0.527)	Loss 0.0658 (0.0543)
2022-12-20 22:02:09,988 INFO     Epoch: [2][400/1294]	Time 0.522 (0.526)	Loss 0.0521 (0.0543)
2022-12-20 22:03:02,343 INFO     Epoch: [2][500/1294]	Time 0.522 (0.526)	Loss 0.0512 (0.0541)
2022-12-20 22:03:54,701 INFO     Epoch: [2][600/1294]	Time 0.520 (0.525)	Loss 0.0656 (0.0541)
2022-12-20 22:04:47,054 INFO     Epoch: [2][700/1294]	Time 0.525 (0.525)	Loss 0.0511 (0.0540)
2022-12-20 22:05:39,376 INFO     Epoch: [2][800/1294]	Time 0.519 (0.525)	Loss 0.0511 (0.0541)
2022-12-20 22:06:31,724 INFO     Epoch: [2][900/1294]	Time 0.522 (0.525)	Loss 0.0513 (0.0541)
2022-12-20 22:07:24,058 INFO     Epoch: [2][1000/1294]	Time 0.523 (0.525)	Loss 0.0469 (0.0540)
2022-12-20 22:08:16,398 INFO     Epoch: [2][1100/1294]	Time 0.523 (0.524)	Loss 0.0509 (0.0541)
2022-12-20 22:09:08,743 INFO     Epoch: [2][1200/1294]	Time 0.525 (0.524)	Loss 0.0614 (0.0541)
2022-12-20 22:09:59,186 INFO     Test: [0/633]	Time 2.034 (2.034)	Loss 0.1582 (0.1582)
2022-12-20 22:10:45,079 INFO     Test: [100/633]	Time 0.460 (0.475)	Loss 0.0417 (0.0760)
2022-12-20 22:11:30,960 INFO     Test: [200/633]	Time 0.458 (0.467)	Loss 0.0359 (0.0735)
2022-12-20 22:12:16,815 INFO     Test: [300/633]	Time 0.458 (0.464)	Loss 0.1254 (0.0742)
2022-12-20 22:13:02,672 INFO     Test: [400/633]	Time 0.459 (0.463)	Loss 0.1557 (0.0750)
2022-12-20 22:13:48,571 INFO     Test: [500/633]	Time 0.457 (0.462)	Loss 0.0382 (0.0747)
2022-12-20 22:14:34,467 INFO     Test: [600/633]	Time 0.457 (0.461)	Loss 0.0274 (0.0752)
2022-12-20 22:16:06,367 INFO     base_mAP:0.808

2022-12-20 22:16:06,367 INFO     novel_mAP:0.065

2022-12-20 22:16:06,367 INFO     [Test] mAP: 0.623, averageAP: 0.622
					(Compute with all label) OP: 0.910, OR: 0.537, OF1: 0.675, CP: 0.692, CR: 0.461, CF1:0.553
					(Compute with top-3 label) OP: 0.929, OR: 0.511, OF1: 0.659, CP: 0.688, CR: 0.437, CF1: 0.535
2022-12-20 22:16:09,018 INFO     [Best] [Epoch 2]: Best mAP is 0.623
2022-12-20 22:16:11,481 INFO     Epoch: [3][0/1294]	Time 1.964 (1.964)	Loss 0.0478 (0.0478)
2022-12-20 22:17:03,449 INFO     Epoch: [3][100/1294]	Time 0.522 (0.534)	Loss 0.0431 (0.0539)
2022-12-20 22:17:55,673 INFO     Epoch: [3][200/1294]	Time 0.522 (0.528)	Loss 0.0575 (0.0529)
2022-12-20 22:18:47,978 INFO     Epoch: [3][300/1294]	Time 0.524 (0.526)	Loss 0.0567 (0.0528)
2022-12-20 22:19:40,321 INFO     Epoch: [3][400/1294]	Time 0.524 (0.526)	Loss 0.0556 (0.0530)
2022-12-20 22:20:32,671 INFO     Epoch: [3][500/1294]	Time 0.525 (0.525)	Loss 0.0518 (0.0533)
2022-12-20 22:21:25,005 INFO     Epoch: [3][600/1294]	Time 0.524 (0.525)	Loss 0.0497 (0.0532)
2022-12-20 22:22:17,337 INFO     Epoch: [3][700/1294]	Time 0.523 (0.525)	Loss 0.0584 (0.0533)
2022-12-20 22:23:09,694 INFO     Epoch: [3][800/1294]	Time 0.525 (0.525)	Loss 0.0507 (0.0534)
2022-12-20 22:24:02,007 INFO     Epoch: [3][900/1294]	Time 0.521 (0.524)	Loss 0.0539 (0.0532)
2022-12-20 22:24:54,332 INFO     Epoch: [3][1000/1294]	Time 0.521 (0.524)	Loss 0.0446 (0.0531)
2022-12-20 22:25:46,692 INFO     Epoch: [3][1100/1294]	Time 0.524 (0.524)	Loss 0.0487 (0.0532)
2022-12-20 22:26:39,011 INFO     Epoch: [3][1200/1294]	Time 0.525 (0.524)	Loss 0.0497 (0.0532)
2022-12-20 22:27:29,433 INFO     Test: [0/633]	Time 2.031 (2.031)	Loss 0.1654 (0.1654)
2022-12-20 22:28:15,286 INFO     Test: [100/633]	Time 0.460 (0.474)	Loss 0.0432 (0.0794)
2022-12-20 22:29:01,176 INFO     Test: [200/633]	Time 0.456 (0.467)	Loss 0.0346 (0.0766)
2022-12-20 22:29:47,034 INFO     Test: [300/633]	Time 0.456 (0.464)	Loss 0.1317 (0.0773)
2022-12-20 22:30:32,860 INFO     Test: [400/633]	Time 0.458 (0.462)	Loss 0.1615 (0.0781)
2022-12-20 22:31:18,705 INFO     Test: [500/633]	Time 0.459 (0.462)	Loss 0.0395 (0.0778)
2022-12-20 22:32:04,527 INFO     Test: [600/633]	Time 0.457 (0.461)	Loss 0.0245 (0.0783)
2022-12-20 22:33:36,356 INFO     base_mAP:0.810

2022-12-20 22:33:36,357 INFO     novel_mAP:0.064

2022-12-20 22:33:36,357 INFO     [Test] mAP: 0.625, averageAP: 0.624
					(Compute with all label) OP: 0.872, OR: 0.575, OF1: 0.693, CP: 0.646, CR: 0.516, CF1:0.574
					(Compute with top-3 label) OP: 0.898, OR: 0.541, OF1: 0.675, CP: 0.648, CR: 0.486, CF1: 0.555
2022-12-20 22:33:39,163 INFO     [Best] [Epoch 3]: Best mAP is 0.625
2022-12-20 22:33:41,491 INFO     Epoch: [4][0/1294]	Time 2.067 (2.067)	Loss 0.0535 (0.0535)
2022-12-20 22:34:33,455 INFO     Epoch: [4][100/1294]	Time 0.521 (0.533)	Loss 0.0528 (0.0522)
2022-12-20 22:35:25,671 INFO     Epoch: [4][200/1294]	Time 0.523 (0.527)	Loss 0.0551 (0.0523)
2022-12-20 22:36:17,953 INFO     Epoch: [4][300/1294]	Time 0.521 (0.526)	Loss 0.0558 (0.0524)
2022-12-20 22:37:10,264 INFO     Epoch: [4][400/1294]	Time 0.525 (0.525)	Loss 0.0505 (0.0525)
2022-12-20 22:38:02,575 INFO     Epoch: [4][500/1294]	Time 0.522 (0.525)	Loss 0.0569 (0.0524)
2022-12-20 22:38:54,876 INFO     Epoch: [4][600/1294]	Time 0.522 (0.524)	Loss 0.0579 (0.0526)
2022-12-20 22:39:47,179 INFO     Epoch: [4][700/1294]	Time 0.521 (0.524)	Loss 0.0683 (0.0527)
2022-12-20 22:40:39,486 INFO     Epoch: [4][800/1294]	Time 0.521 (0.524)	Loss 0.0457 (0.0527)
2022-12-20 22:41:31,762 INFO     Epoch: [4][900/1294]	Time 0.521 (0.524)	Loss 0.0564 (0.0526)
2022-12-20 22:42:24,064 INFO     Epoch: [4][1000/1294]	Time 0.522 (0.524)	Loss 0.0502 (0.0525)
2022-12-20 22:43:16,392 INFO     Epoch: [4][1100/1294]	Time 0.522 (0.524)	Loss 0.0472 (0.0524)
2022-12-20 22:44:08,677 INFO     Epoch: [4][1200/1294]	Time 0.520 (0.524)	Loss 0.0567 (0.0524)
2022-12-20 22:44:59,205 INFO     Test: [0/633]	Time 2.142 (2.142)	Loss 0.1797 (0.1797)
2022-12-20 22:45:44,993 INFO     Test: [100/633]	Time 0.458 (0.475)	Loss 0.0427 (0.0823)
2022-12-20 22:46:30,818 INFO     Test: [200/633]	Time 0.459 (0.466)	Loss 0.0353 (0.0793)
2022-12-20 22:47:16,636 INFO     Test: [300/633]	Time 0.456 (0.464)	Loss 0.1371 (0.0801)
2022-12-20 22:48:02,458 INFO     Test: [400/633]	Time 0.461 (0.462)	Loss 0.1787 (0.0810)
2022-12-20 22:48:48,287 INFO     Test: [500/633]	Time 0.460 (0.462)	Loss 0.0385 (0.0805)
2022-12-20 22:49:34,088 INFO     Test: [600/633]	Time 0.455 (0.461)	Loss 0.0245 (0.0810)
2022-12-20 22:51:06,437 INFO     base_mAP:0.815

2022-12-20 22:51:06,437 INFO     novel_mAP:0.061

2022-12-20 22:51:06,437 INFO     [Test] mAP: 0.628, averageAP: 0.626
					(Compute with all label) OP: 0.904, OR: 0.547, OF1: 0.682, CP: 0.682, CR: 0.478, CF1:0.562
					(Compute with top-3 label) OP: 0.924, OR: 0.520, OF1: 0.666, CP: 0.680, CR: 0.454, CF1: 0.545
2022-12-20 22:51:08,853 INFO     [Best] [Epoch 4]: Best mAP is 0.628
2022-12-20 22:51:11,210 INFO     Epoch: [5][0/1294]	Time 1.885 (1.885)	Loss 0.0502 (0.0502)
2022-12-20 22:52:03,178 INFO     Epoch: [5][100/1294]	Time 0.524 (0.533)	Loss 0.0659 (0.0524)
2022-12-20 22:52:55,363 INFO     Epoch: [5][200/1294]	Time 0.521 (0.527)	Loss 0.0475 (0.0527)
2022-12-20 22:53:47,612 INFO     Epoch: [5][300/1294]	Time 0.525 (0.526)	Loss 0.0557 (0.0523)
2022-12-20 22:54:39,887 INFO     Epoch: [5][400/1294]	Time 0.522 (0.525)	Loss 0.0552 (0.0521)
2022-12-20 22:55:32,188 INFO     Epoch: [5][500/1294]	Time 0.525 (0.525)	Loss 0.0604 (0.0522)
2022-12-20 22:56:24,473 INFO     Epoch: [5][600/1294]	Time 0.525 (0.524)	Loss 0.0415 (0.0523)
slurmstepd: error: *** JOB 471603 ON g0039 CANCELLED AT 2022-12-20T22:57:06 ***
