2022-12-22 20:59:11,643 INFO     ==========================================
2022-12-22 20:59:11,644 INFO     ==========       CONFIG      =============
2022-12-22 20:59:11,645 INFO     ==========================================
2022-12-22 20:59:11,645 INFO     dataset: COCO
2022-12-22 20:59:11,645 INFO     train_data: /data/public/coco2014/train2014
2022-12-22 20:59:11,645 INFO     test_data: /data/public/coco2014/val2014
2022-12-22 20:59:11,645 INFO     train_list: /data/public/coco2014/annotations/instances_train2014.json
2022-12-22 20:59:11,645 INFO     test_list: /data/public/coco2014/annotations/instances_val2014.json
2022-12-22 20:59:11,645 INFO     train_label: ./data/coco/train_label_vectors.npy
2022-12-22 20:59:11,645 INFO     graph_file: ./data/coco/prob_train.npy
2022-12-22 20:59:11,645 INFO     word_file: ./data/coco/vectors.npy
2022-12-22 20:59:11,645 INFO     test_label: ./data/coco/val_label_vectors.npy
2022-12-22 20:59:11,645 INFO     print_freq: 1000
2022-12-22 20:59:11,645 INFO     workers: 5
2022-12-22 20:59:11,645 INFO     epochs: 20
2022-12-22 20:59:11,645 INFO     start_epoch: 0
2022-12-22 20:59:11,645 INFO     step_epoch: 10
2022-12-22 20:59:11,645 INFO     batch_size: 16
2022-12-22 20:59:11,645 INFO     lr: 0.0003
2022-12-22 20:59:11,645 INFO     momentum: 0.9
2022-12-22 20:59:11,645 INFO     weight_decay: 0.0
2022-12-22 20:59:11,645 INFO     resume: 
2022-12-22 20:59:11,645 INFO     crop_size: 448
2022-12-22 20:59:11,646 INFO     scale_size: 512
2022-12-22 20:59:11,646 INFO     evaluate: False
2022-12-22 20:59:11,646 INFO     post: SD-CONTRAST-COCO-exp1.0-lr5e-4-bs64
2022-12-22 20:59:11,646 INFO     num_classes: 80
2022-12-22 20:59:11,646 INFO     backbone_name: RN101
2022-12-22 20:59:11,646 INFO     category_file: ./data/coco/category_name.json
2022-12-22 20:59:11,646 INFO     n_ctx: 16
2022-12-22 20:59:11,646 INFO     ctx_init: False
2022-12-22 20:59:11,646 INFO     csc: False
2022-12-22 20:59:11,646 INFO     class_token_position: end
2022-12-22 20:59:11,646 INFO     openset: False
2022-12-22 20:59:11,646 INFO     ==========================================
2022-12-22 20:59:11,646 INFO     ===========        END        ============
2022-12-22 20:59:11,646 INFO     ==========================================
2022-12-22 20:59:11,646 INFO     

2022-12-22 20:59:11,646 INFO     ==> Creating dataloader...
You will perform multi-scale on images for scale 640
loading annotations into memory...
Done (t=11.39s)
creating index...
index created!
loading annotations into memory...
Done (t=5.96s)
creating index...
index created!
2022-12-22 20:59:31,604 INFO     ==> Done!

2022-12-22 20:59:31,605 INFO     ==> Loading the network ...
2022-12-22 20:59:40,688 INFO     ==> Done!

2022-12-22 20:59:40,688 INFO     Run Experiment...
2022-12-22 20:59:42,965 INFO     Epoch: [0][0/5174]	Time 2.231 (2.231)	Loss 1.4565 (1.4565)
2022-12-22 21:02:11,835 INFO     Epoch: [0][1000/5174]	Time 0.151 (0.151)	Loss 0.0569 (0.0855)
2022-12-22 21:04:41,393 INFO     Epoch: [0][2000/5174]	Time 0.148 (0.150)	Loss 0.0756 (0.0700)
2022-12-22 21:07:11,250 INFO     Epoch: [0][3000/5174]	Time 0.151 (0.150)	Loss 0.0391 (0.0641)
2022-12-22 21:09:41,163 INFO     Epoch: [0][4000/5174]	Time 0.149 (0.150)	Loss 0.0394 (0.0608)
2022-12-22 21:12:11,093 INFO     Epoch: [0][5000/5174]	Time 0.153 (0.150)	Loss 0.0426 (0.0588)
2022-12-22 21:12:38,041 INFO     Test: [0/2532]	Time 1.043 (1.043)	Loss 0.0867 (0.0867)
2022-12-22 21:14:40,624 INFO     Test: [1000/2532]	Time 0.122 (0.123)	Loss 0.0581 (0.0412)
2022-12-22 21:16:43,216 INFO     Test: [2000/2532]	Time 0.122 (0.123)	Loss 0.0299 (0.0414)
2022-12-22 21:19:06,326 INFO     base_mAP:0.835

2022-12-22 21:19:06,326 INFO     novel_mAP:0.706

2022-12-22 21:19:06,326 INFO     [Test] mAP: 0.803, averageAP: 0.803
					(Compute with all label) OP: 0.893, OR: 0.683, OF1: 0.774, CP: 0.858, CR: 0.635, CF1:0.729
					(Compute with top-3 label) OP: 0.917, OR: 0.622, OF1: 0.741, CP: 0.877, CR: 0.577, CF1: 0.696
2022-12-22 21:19:08,330 INFO     [Best] [Epoch 0]: Best mAP is 0.803
2022-12-22 21:19:09,293 INFO     Epoch: [1][0/5174]	Time 0.842 (0.842)	Loss 0.0539 (0.0539)
2022-12-22 21:21:38,635 INFO     Epoch: [1][1000/5174]	Time 0.155 (0.150)	Loss 0.0283 (0.0492)
2022-12-22 21:24:08,611 INFO     Epoch: [1][2000/5174]	Time 0.144 (0.150)	Loss 0.0432 (0.0487)
2022-12-22 21:26:38,618 INFO     Epoch: [1][3000/5174]	Time 0.153 (0.150)	Loss 0.0693 (0.0488)
2022-12-22 21:29:08,832 INFO     Epoch: [1][4000/5174]	Time 0.145 (0.150)	Loss 0.0378 (0.0488)
2022-12-22 21:31:38,605 INFO     Epoch: [1][5000/5174]	Time 0.149 (0.150)	Loss 0.0504 (0.0487)
2022-12-22 21:32:05,352 INFO     Test: [0/2532]	Time 0.865 (0.865)	Loss 0.0886 (0.0886)
2022-12-22 21:34:08,185 INFO     Test: [1000/2532]	Time 0.125 (0.124)	Loss 0.0574 (0.0402)
2022-12-22 21:36:11,309 INFO     Test: [2000/2532]	Time 0.123 (0.123)	Loss 0.0322 (0.0405)
2022-12-22 21:38:36,782 INFO     base_mAP:0.844

2022-12-22 21:38:36,782 INFO     novel_mAP:0.727

2022-12-22 21:38:36,782 INFO     [Test] mAP: 0.816, averageAP: 0.815
					(Compute with all label) OP: 0.880, OR: 0.706, OF1: 0.783, CP: 0.866, CR: 0.660, CF1:0.749
					(Compute with top-3 label) OP: 0.912, OR: 0.634, OF1: 0.748, CP: 0.891, CR: 0.595, CF1: 0.713
2022-12-22 21:38:39,128 INFO     [Best] [Epoch 1]: Best mAP is 0.816
2022-12-22 21:38:40,156 INFO     Epoch: [2][0/5174]	Time 0.906 (0.906)	Loss 0.0423 (0.0423)
2022-12-22 21:41:09,222 INFO     Epoch: [2][1000/5174]	Time 0.150 (0.150)	Loss 0.0334 (0.0473)
2022-12-22 21:43:39,465 INFO     Epoch: [2][2000/5174]	Time 0.149 (0.150)	Loss 0.0298 (0.0471)
2022-12-22 21:46:09,798 INFO     Epoch: [2][3000/5174]	Time 0.147 (0.150)	Loss 0.0525 (0.0469)
2022-12-22 21:48:39,671 INFO     Epoch: [2][4000/5174]	Time 0.154 (0.150)	Loss 0.0282 (0.0469)
2022-12-22 21:51:09,450 INFO     Epoch: [2][5000/5174]	Time 0.147 (0.150)	Loss 0.0454 (0.0469)
2022-12-22 21:51:36,209 INFO     Test: [0/2532]	Time 0.854 (0.854)	Loss 0.0919 (0.0919)
2022-12-22 21:53:39,196 INFO     Test: [1000/2532]	Time 0.122 (0.124)	Loss 0.0529 (0.0394)
2022-12-22 21:55:42,175 INFO     Test: [2000/2532]	Time 0.127 (0.123)	Loss 0.0294 (0.0397)
2022-12-22 21:58:07,086 INFO     base_mAP:0.850

2022-12-22 21:58:07,086 INFO     novel_mAP:0.741

2022-12-22 21:58:07,086 INFO     [Test] mAP: 0.823, averageAP: 0.823
					(Compute with all label) OP: 0.918, OR: 0.680, OF1: 0.781, CP: 0.897, CR: 0.637, CF1:0.745
					(Compute with top-3 label) OP: 0.938, OR: 0.623, OF1: 0.748, CP: 0.912, CR: 0.586, CF1: 0.713
2022-12-22 21:58:09,394 INFO     [Best] [Epoch 2]: Best mAP is 0.823
2022-12-22 21:58:10,391 INFO     Epoch: [3][0/5174]	Time 0.886 (0.886)	Loss 0.0252 (0.0252)
2022-12-22 22:00:39,735 INFO     Epoch: [3][1000/5174]	Time 0.150 (0.150)	Loss 0.0334 (0.0455)
2022-12-22 22:03:09,887 INFO     Epoch: [3][2000/5174]	Time 0.156 (0.150)	Loss 0.0426 (0.0456)
2022-12-22 22:05:39,760 INFO     Epoch: [3][3000/5174]	Time 0.156 (0.150)	Loss 0.0397 (0.0455)
2022-12-22 22:08:09,449 INFO     Epoch: [3][4000/5174]	Time 0.147 (0.150)	Loss 0.0465 (0.0455)
2022-12-22 22:10:39,308 INFO     Epoch: [3][5000/5174]	Time 0.150 (0.150)	Loss 0.0634 (0.0456)
2022-12-22 22:11:06,102 INFO     Test: [0/2532]	Time 0.855 (0.855)	Loss 0.0883 (0.0883)
2022-12-22 22:13:08,930 INFO     Test: [1000/2532]	Time 0.123 (0.124)	Loss 0.0542 (0.0390)
2022-12-22 22:15:11,644 INFO     Test: [2000/2532]	Time 0.122 (0.123)	Loss 0.0294 (0.0393)
2022-12-22 22:17:36,878 INFO     base_mAP:0.852

2022-12-22 22:17:36,879 INFO     novel_mAP:0.743

2022-12-22 22:17:36,879 INFO     [Test] mAP: 0.825, averageAP: 0.825
					(Compute with all label) OP: 0.903, OR: 0.700, OF1: 0.789, CP: 0.884, CR: 0.652, CF1:0.751
					(Compute with top-3 label) OP: 0.929, OR: 0.633, OF1: 0.753, CP: 0.907, CR: 0.592, CF1: 0.716
2022-12-22 22:17:39,348 INFO     [Best] [Epoch 3]: Best mAP is 0.825
2022-12-22 22:17:40,376 INFO     Epoch: [4][0/5174]	Time 0.908 (0.908)	Loss 0.0498 (0.0498)
2022-12-22 22:20:09,536 INFO     Epoch: [4][1000/5174]	Time 0.140 (0.150)	Loss 0.0375 (0.0449)
2022-12-22 22:22:39,059 INFO     Epoch: [4][2000/5174]	Time 0.153 (0.150)	Loss 0.0421 (0.0448)
2022-12-22 22:25:08,640 INFO     Epoch: [4][3000/5174]	Time 0.155 (0.150)	Loss 0.0451 (0.0448)
2022-12-22 22:27:38,220 INFO     Epoch: [4][4000/5174]	Time 0.149 (0.150)	Loss 0.0470 (0.0447)
2022-12-22 22:30:08,126 INFO     Epoch: [4][5000/5174]	Time 0.151 (0.150)	Loss 0.0443 (0.0448)
2022-12-22 22:30:34,906 INFO     Test: [0/2532]	Time 0.862 (0.862)	Loss 0.0896 (0.0896)
2022-12-22 22:32:37,701 INFO     Test: [1000/2532]	Time 0.122 (0.124)	Loss 0.0539 (0.0379)
2022-12-22 22:34:40,337 INFO     Test: [2000/2532]	Time 0.122 (0.123)	Loss 0.0290 (0.0382)
2022-12-22 22:37:04,930 INFO     base_mAP:0.855

2022-12-22 22:37:04,930 INFO     novel_mAP:0.750

2022-12-22 22:37:04,931 INFO     [Test] mAP: 0.829, averageAP: 0.828
					(Compute with all label) OP: 0.870, OR: 0.743, OF1: 0.802, CP: 0.855, CR: 0.698, CF1:0.768
					(Compute with top-3 label) OP: 0.912, OR: 0.654, OF1: 0.762, CP: 0.887, CR: 0.616, CF1: 0.727
2022-12-22 22:37:07,450 INFO     [Best] [Epoch 4]: Best mAP is 0.829
2022-12-22 22:37:08,364 INFO     Epoch: [5][0/5174]	Time 0.785 (0.785)	Loss 0.0485 (0.0485)
2022-12-22 22:39:37,172 INFO     Epoch: [5][1000/5174]	Time 0.143 (0.149)	Loss 0.0304 (0.0441)
2022-12-22 22:42:06,559 INFO     Epoch: [5][2000/5174]	Time 0.144 (0.149)	Loss 0.0336 (0.0438)
2022-12-22 22:44:36,148 INFO     Epoch: [5][3000/5174]	Time 0.156 (0.149)	Loss 0.0398 (0.0440)
2022-12-22 22:47:05,933 INFO     Epoch: [5][4000/5174]	Time 0.144 (0.150)	Loss 0.0276 (0.0440)
2022-12-22 22:49:35,927 INFO     Epoch: [5][5000/5174]	Time 0.144 (0.150)	Loss 0.0460 (0.0442)
2022-12-22 22:50:02,713 INFO     Test: [0/2532]	Time 0.861 (0.861)	Loss 0.0913 (0.0913)
2022-12-22 22:52:05,696 INFO     Test: [1000/2532]	Time 0.122 (0.124)	Loss 0.0544 (0.0383)
2022-12-22 22:54:08,682 INFO     Test: [2000/2532]	Time 0.123 (0.123)	Loss 0.0277 (0.0386)
2022-12-22 22:56:32,342 INFO     base_mAP:0.855

2022-12-22 22:56:32,342 INFO     novel_mAP:0.752

2022-12-22 22:56:32,343 INFO     [Test] mAP: 0.830, averageAP: 0.829
					(Compute with all label) OP: 0.902, OR: 0.709, OF1: 0.794, CP: 0.880, CR: 0.668, CF1:0.759
					(Compute with top-3 label) OP: 0.932, OR: 0.638, OF1: 0.758, CP: 0.905, CR: 0.604, CF1: 0.725
2022-12-22 22:56:34,538 INFO     [Best] [Epoch 5]: Best mAP is 0.830
2022-12-22 22:56:35,497 INFO     Epoch: [6][0/5174]	Time 0.839 (0.839)	Loss 0.0386 (0.0386)
2022-12-22 22:59:04,278 INFO     Epoch: [6][1000/5174]	Time 0.151 (0.149)	Loss 0.0331 (0.0434)
2022-12-22 23:01:33,525 INFO     Epoch: [6][2000/5174]	Time 0.150 (0.149)	Loss 0.0555 (0.0435)
2022-12-22 23:04:03,004 INFO     Epoch: [6][3000/5174]	Time 0.155 (0.149)	Loss 0.0525 (0.0435)
2022-12-22 23:06:32,587 INFO     Epoch: [6][4000/5174]	Time 0.154 (0.149)	Loss 0.0475 (0.0436)
2022-12-22 23:09:02,184 INFO     Epoch: [6][5000/5174]	Time 0.155 (0.149)	Loss 0.0492 (0.0436)
2022-12-22 23:09:29,217 INFO     Test: [0/2532]	Time 1.116 (1.116)	Loss 0.0843 (0.0843)
2022-12-22 23:11:32,002 INFO     Test: [1000/2532]	Time 0.122 (0.124)	Loss 0.0542 (0.0375)
2022-12-22 23:13:34,767 INFO     Test: [2000/2532]	Time 0.125 (0.123)	Loss 0.0312 (0.0378)
2022-12-22 23:16:00,280 INFO     base_mAP:0.856

2022-12-22 23:16:00,280 INFO     novel_mAP:0.756

2022-12-22 23:16:00,280 INFO     [Test] mAP: 0.832, averageAP: 0.831
					(Compute with all label) OP: 0.884, OR: 0.731, OF1: 0.801, CP: 0.866, CR: 0.690, CF1:0.768
					(Compute with top-3 label) OP: 0.917, OR: 0.653, OF1: 0.763, CP: 0.893, CR: 0.619, CF1: 0.731
2022-12-22 23:16:02,786 INFO     [Best] [Epoch 6]: Best mAP is 0.832
2022-12-22 23:16:03,844 INFO     Epoch: [7][0/5174]	Time 0.942 (0.942)	Loss 0.0363 (0.0363)
2022-12-22 23:18:33,226 INFO     Epoch: [7][1000/5174]	Time 0.146 (0.150)	Loss 0.0450 (0.0435)
2022-12-22 23:21:02,629 INFO     Epoch: [7][2000/5174]	Time 0.154 (0.150)	Loss 0.0297 (0.0429)
2022-12-22 23:23:31,856 INFO     Epoch: [7][3000/5174]	Time 0.155 (0.150)	Loss 0.0362 (0.0429)
2022-12-22 23:26:00,962 INFO     Epoch: [7][4000/5174]	Time 0.144 (0.149)	Loss 0.0400 (0.0430)
2022-12-22 23:28:30,421 INFO     Epoch: [7][5000/5174]	Time 0.154 (0.149)	Loss 0.0428 (0.0431)
2022-12-22 23:28:57,142 INFO     Test: [0/2532]	Time 0.853 (0.853)	Loss 0.0943 (0.0943)
2022-12-22 23:30:59,486 INFO     Test: [1000/2532]	Time 0.123 (0.123)	Loss 0.0540 (0.0382)
2022-12-22 23:33:02,228 INFO     Test: [2000/2532]	Time 0.124 (0.123)	Loss 0.0278 (0.0386)
2022-12-22 23:35:27,591 INFO     base_mAP:0.857

2022-12-22 23:35:27,591 INFO     novel_mAP:0.758

2022-12-22 23:35:27,591 INFO     [Test] mAP: 0.833, averageAP: 0.832
					(Compute with all label) OP: 0.852, OR: 0.761, OF1: 0.804, CP: 0.841, CR: 0.724, CF1:0.778
					(Compute with top-3 label) OP: 0.902, OR: 0.663, OF1: 0.764, CP: 0.883, CR: 0.632, CF1: 0.737
2022-12-22 23:35:30,095 INFO     [Best] [Epoch 7]: Best mAP is 0.833
2022-12-22 23:35:31,121 INFO     Epoch: [8][0/5174]	Time 0.898 (0.898)	Loss 0.0238 (0.0238)
2022-12-22 23:37:59,726 INFO     Epoch: [8][1000/5174]	Time 0.154 (0.149)	Loss 0.0508 (0.0427)
2022-12-22 23:40:28,823 INFO     Epoch: [8][2000/5174]	Time 0.154 (0.149)	Loss 0.0562 (0.0427)
2022-12-22 23:42:57,998 INFO     Epoch: [8][3000/5174]	Time 0.150 (0.149)	Loss 0.0365 (0.0428)
2022-12-22 23:45:27,684 INFO     Epoch: [8][4000/5174]	Time 0.150 (0.149)	Loss 0.0558 (0.0428)
2022-12-22 23:47:57,198 INFO     Epoch: [8][5000/5174]	Time 0.150 (0.149)	Loss 0.0350 (0.0428)
2022-12-22 23:48:23,874 INFO     Test: [0/2532]	Time 0.850 (0.850)	Loss 0.0836 (0.0836)
2022-12-22 23:50:26,703 INFO     Test: [1000/2532]	Time 0.122 (0.124)	Loss 0.0552 (0.0374)
2022-12-22 23:52:29,548 INFO     Test: [2000/2532]	Time 0.122 (0.123)	Loss 0.0296 (0.0377)
2022-12-22 23:54:54,559 INFO     base_mAP:0.858

2022-12-22 23:54:54,560 INFO     novel_mAP:0.762

2022-12-22 23:54:54,560 INFO     [Test] mAP: 0.835, averageAP: 0.834
					(Compute with all label) OP: 0.883, OR: 0.735, OF1: 0.802, CP: 0.869, CR: 0.698, CF1:0.774
					(Compute with top-3 label) OP: 0.920, OR: 0.652, OF1: 0.763, CP: 0.898, CR: 0.621, CF1: 0.734
2022-12-22 23:54:57,091 INFO     [Best] [Epoch 8]: Best mAP is 0.835
2022-12-22 23:54:58,263 INFO     Epoch: [9][0/5174]	Time 1.050 (1.050)	Loss 0.0374 (0.0374)
2022-12-22 23:57:26,726 INFO     Epoch: [9][1000/5174]	Time 0.157 (0.149)	Loss 0.0292 (0.0423)
2022-12-22 23:59:55,864 INFO     Epoch: [9][2000/5174]	Time 0.149 (0.149)	Loss 0.0437 (0.0421)
2022-12-23 00:02:25,116 INFO     Epoch: [9][3000/5174]	Time 0.153 (0.149)	Loss 0.0412 (0.0423)
2022-12-23 00:04:54,250 INFO     Epoch: [9][4000/5174]	Time 0.146 (0.149)	Loss 0.0374 (0.0424)
2022-12-23 00:07:23,573 INFO     Epoch: [9][5000/5174]	Time 0.143 (0.149)	Loss 0.0397 (0.0424)
2022-12-23 00:07:50,254 INFO     Test: [0/2532]	Time 0.860 (0.860)	Loss 0.0870 (0.0870)
2022-12-23 00:09:52,975 INFO     Test: [1000/2532]	Time 0.123 (0.123)	Loss 0.0531 (0.0374)
2022-12-23 00:11:55,673 INFO     Test: [2000/2532]	Time 0.127 (0.123)	Loss 0.0285 (0.0376)
2022-12-23 00:14:20,630 INFO     base_mAP:0.858

2022-12-23 00:14:20,630 INFO     novel_mAP:0.762

2022-12-23 00:14:20,630 INFO     [Test] mAP: 0.835, averageAP: 0.834
					(Compute with all label) OP: 0.880, OR: 0.740, OF1: 0.804, CP: 0.860, CR: 0.701, CF1:0.773
					(Compute with top-3 label) OP: 0.918, OR: 0.655, OF1: 0.765, CP: 0.889, CR: 0.626, CF1: 0.735
2022-12-23 00:14:23,164 INFO     [Best] [Epoch 9]: Best mAP is 0.835
2022-12-23 00:14:24,325 INFO     Epoch: [10][0/5174]	Time 1.043 (1.043)	Loss 0.0489 (0.0489)
2022-12-23 00:16:52,796 INFO     Epoch: [10][1000/5174]	Time 0.147 (0.149)	Loss 0.0722 (0.0409)
2022-12-23 00:19:21,796 INFO     Epoch: [10][2000/5174]	Time 0.149 (0.149)	Loss 0.0464 (0.0406)
2022-12-23 00:21:50,850 INFO     Epoch: [10][3000/5174]	Time 0.149 (0.149)	Loss 0.0355 (0.0404)
2022-12-23 00:24:20,456 INFO     Epoch: [10][4000/5174]	Time 0.149 (0.149)	Loss 0.0248 (0.0403)
2022-12-23 00:26:50,158 INFO     Epoch: [10][5000/5174]	Time 0.156 (0.149)	Loss 0.0315 (0.0402)
2022-12-23 00:27:16,899 INFO     Test: [0/2532]	Time 0.847 (0.847)	Loss 0.0864 (0.0864)
2022-12-23 00:29:19,874 INFO     Test: [1000/2532]	Time 0.122 (0.124)	Loss 0.0513 (0.0364)
2022-12-23 00:31:22,598 INFO     Test: [2000/2532]	Time 0.122 (0.123)	Loss 0.0281 (0.0367)
2022-12-23 00:33:46,156 INFO     base_mAP:0.862

2022-12-23 00:33:46,156 INFO     novel_mAP:0.764

2022-12-23 00:33:46,156 INFO     [Test] mAP: 0.838, averageAP: 0.837
					(Compute with all label) OP: 0.887, OR: 0.743, OF1: 0.809, CP: 0.860, CR: 0.709, CF1:0.778
					(Compute with top-3 label) OP: 0.924, OR: 0.658, OF1: 0.769, CP: 0.892, CR: 0.633, CF1: 0.741
2022-12-23 00:33:48,695 INFO     [Best] [Epoch 10]: Best mAP is 0.838
2022-12-23 00:33:49,771 INFO     Epoch: [11][0/5174]	Time 0.953 (0.953)	Loss 0.0488 (0.0488)
2022-12-23 00:36:18,188 INFO     Epoch: [11][1000/5174]	Time 0.147 (0.149)	Loss 0.0567 (0.0398)
2022-12-23 00:38:47,150 INFO     Epoch: [11][2000/5174]	Time 0.150 (0.149)	Loss 0.0491 (0.0397)
2022-12-23 00:41:16,638 INFO     Epoch: [11][3000/5174]	Time 0.148 (0.149)	Loss 0.0412 (0.0399)
2022-12-23 00:43:45,984 INFO     Epoch: [11][4000/5174]	Time 0.149 (0.149)	Loss 0.0484 (0.0400)
2022-12-23 00:46:15,145 INFO     Epoch: [11][5000/5174]	Time 0.149 (0.149)	Loss 0.0394 (0.0399)
2022-12-23 00:46:41,853 INFO     Test: [0/2532]	Time 0.859 (0.859)	Loss 0.0864 (0.0864)
2022-12-23 00:48:44,308 INFO     Test: [1000/2532]	Time 0.122 (0.123)	Loss 0.0521 (0.0364)
2022-12-23 00:50:47,138 INFO     Test: [2000/2532]	Time 0.126 (0.123)	Loss 0.0287 (0.0367)
2022-12-23 00:53:11,832 INFO     base_mAP:0.862

2022-12-23 00:53:11,833 INFO     novel_mAP:0.765

2022-12-23 00:53:11,833 INFO     [Test] mAP: 0.839, averageAP: 0.838
					(Compute with all label) OP: 0.888, OR: 0.744, OF1: 0.810, CP: 0.862, CR: 0.709, CF1:0.778
					(Compute with top-3 label) OP: 0.924, OR: 0.659, OF1: 0.769, CP: 0.893, CR: 0.632, CF1: 0.740
2022-12-23 00:53:14,342 INFO     [Best] [Epoch 11]: Best mAP is 0.839
2022-12-23 00:53:15,534 INFO     Epoch: [12][0/5174]	Time 1.066 (1.066)	Loss 0.0396 (0.0396)
2022-12-23 00:55:43,983 INFO     Epoch: [12][1000/5174]	Time 0.142 (0.149)	Loss 0.0313 (0.0398)
2022-12-23 00:58:13,107 INFO     Epoch: [12][2000/5174]	Time 0.144 (0.149)	Loss 0.0292 (0.0397)
2022-12-23 01:00:42,411 INFO     Epoch: [12][3000/5174]	Time 0.149 (0.149)	Loss 0.0220 (0.0396)
2022-12-23 01:03:11,894 INFO     Epoch: [12][4000/5174]	Time 0.152 (0.149)	Loss 0.0211 (0.0397)
2022-12-23 01:05:41,468 INFO     Epoch: [12][5000/5174]	Time 0.150 (0.149)	Loss 0.0306 (0.0396)
2022-12-23 01:06:08,198 INFO     Test: [0/2532]	Time 0.843 (0.843)	Loss 0.0872 (0.0872)
2022-12-23 01:08:10,955 INFO     Test: [1000/2532]	Time 0.122 (0.123)	Loss 0.0522 (0.0363)
2022-12-23 01:10:14,193 INFO     Test: [2000/2532]	Time 0.122 (0.123)	Loss 0.0284 (0.0366)
2022-12-23 01:12:39,443 INFO     base_mAP:0.863

2022-12-23 01:12:39,443 INFO     novel_mAP:0.766

2022-12-23 01:12:39,443 INFO     [Test] mAP: 0.839, averageAP: 0.839
					(Compute with all label) OP: 0.883, OR: 0.748, OF1: 0.810, CP: 0.858, CR: 0.713, CF1:0.779
					(Compute with top-3 label) OP: 0.921, OR: 0.661, OF1: 0.770, CP: 0.891, CR: 0.634, CF1: 0.741
2022-12-23 01:12:41,983 INFO     [Best] [Epoch 12]: Best mAP is 0.839
2022-12-23 01:12:43,048 INFO     Epoch: [13][0/5174]	Time 0.934 (0.934)	Loss 0.0616 (0.0616)
2022-12-23 01:15:11,762 INFO     Epoch: [13][1000/5174]	Time 0.148 (0.149)	Loss 0.0289 (0.0396)
2022-12-23 01:17:40,825 INFO     Epoch: [13][2000/5174]	Time 0.151 (0.149)	Loss 0.0343 (0.0396)
2022-12-23 01:20:10,169 INFO     Epoch: [13][3000/5174]	Time 0.156 (0.149)	Loss 0.0352 (0.0395)
2022-12-23 01:22:39,449 INFO     Epoch: [13][4000/5174]	Time 0.150 (0.149)	Loss 0.0452 (0.0396)
2022-12-23 01:25:08,898 INFO     Epoch: [13][5000/5174]	Time 0.156 (0.149)	Loss 0.0519 (0.0394)
2022-12-23 01:25:35,567 INFO     Test: [0/2532]	Time 0.834 (0.834)	Loss 0.0862 (0.0862)
2022-12-23 01:27:38,374 INFO     Test: [1000/2532]	Time 0.122 (0.124)	Loss 0.0510 (0.0364)
2022-12-23 01:29:41,092 INFO     Test: [2000/2532]	Time 0.122 (0.123)	Loss 0.0283 (0.0366)
2022-12-23 01:32:04,793 INFO     base_mAP:0.863

2022-12-23 01:32:04,794 INFO     novel_mAP:0.766

2022-12-23 01:32:04,794 INFO     [Test] mAP: 0.839, averageAP: 0.838
					(Compute with all label) OP: 0.881, OR: 0.750, OF1: 0.810, CP: 0.860, CR: 0.717, CF1:0.782
					(Compute with top-3 label) OP: 0.919, OR: 0.663, OF1: 0.770, CP: 0.895, CR: 0.638, CF1: 0.745
2022-12-23 01:32:06,995 INFO     Epoch: [14][0/5174]	Time 0.804 (0.804)	Loss 0.0303 (0.0303)
2022-12-23 01:34:35,384 INFO     Epoch: [14][1000/5174]	Time 0.144 (0.149)	Loss 0.0239 (0.0394)
2022-12-23 01:37:04,141 INFO     Epoch: [14][2000/5174]	Time 0.154 (0.149)	Loss 0.0496 (0.0390)
2022-12-23 01:39:33,347 INFO     Epoch: [14][3000/5174]	Time 0.145 (0.149)	Loss 0.0460 (0.0392)
2022-12-23 01:42:02,447 INFO     Epoch: [14][4000/5174]	Time 0.144 (0.149)	Loss 0.0280 (0.0392)
2022-12-23 01:44:31,658 INFO     Epoch: [14][5000/5174]	Time 0.154 (0.149)	Loss 0.0528 (0.0393)
2022-12-23 01:44:58,259 INFO     Test: [0/2532]	Time 0.831 (0.831)	Loss 0.0867 (0.0867)
2022-12-23 01:47:00,625 INFO     Test: [1000/2532]	Time 0.121 (0.123)	Loss 0.0515 (0.0364)
2022-12-23 01:49:02,959 INFO     Test: [2000/2532]	Time 0.122 (0.123)	Loss 0.0282 (0.0366)
2022-12-23 01:51:26,884 INFO     base_mAP:0.863

2022-12-23 01:51:26,884 INFO     novel_mAP:0.766

2022-12-23 01:51:26,884 INFO     [Test] mAP: 0.839, averageAP: 0.839
					(Compute with all label) OP: 0.888, OR: 0.743, OF1: 0.809, CP: 0.866, CR: 0.709, CF1:0.780
					(Compute with top-3 label) OP: 0.924, OR: 0.659, OF1: 0.769, CP: 0.899, CR: 0.634, CF1: 0.743
2022-12-23 01:51:29,190 INFO     Epoch: [15][0/5174]	Time 0.903 (0.903)	Loss 0.0290 (0.0290)
2022-12-23 01:53:57,564 INFO     Epoch: [15][1000/5174]	Time 0.143 (0.149)	Loss 0.0613 (0.0391)
2022-12-23 01:56:26,447 INFO     Epoch: [15][2000/5174]	Time 0.143 (0.149)	Loss 0.0433 (0.0394)
2022-12-23 01:58:55,553 INFO     Epoch: [15][3000/5174]	Time 0.151 (0.149)	Loss 0.0516 (0.0394)
2022-12-23 02:01:24,367 INFO     Epoch: [15][4000/5174]	Time 0.149 (0.149)	Loss 0.0379 (0.0392)
2022-12-23 02:03:53,308 INFO     Epoch: [15][5000/5174]	Time 0.142 (0.149)	Loss 0.0298 (0.0392)
2022-12-23 02:04:19,961 INFO     Test: [0/2532]	Time 0.863 (0.863)	Loss 0.0858 (0.0858)
2022-12-23 02:06:22,463 INFO     Test: [1000/2532]	Time 0.122 (0.123)	Loss 0.0511 (0.0365)
2022-12-23 02:08:24,882 INFO     Test: [2000/2532]	Time 0.122 (0.123)	Loss 0.0286 (0.0368)
2022-12-23 02:10:47,117 INFO     base_mAP:0.863

2022-12-23 02:10:47,117 INFO     novel_mAP:0.766

2022-12-23 02:10:47,117 INFO     [Test] mAP: 0.839, averageAP: 0.839
					(Compute with all label) OP: 0.867, OR: 0.761, OF1: 0.811, CP: 0.846, CR: 0.727, CF1:0.782
					(Compute with top-3 label) OP: 0.912, OR: 0.667, OF1: 0.770, CP: 0.887, CR: 0.641, CF1: 0.744
2022-12-23 02:10:49,411 INFO     Epoch: [16][0/5174]	Time 0.885 (0.885)	Loss 0.0466 (0.0466)
2022-12-23 02:13:17,616 INFO     Epoch: [16][1000/5174]	Time 0.143 (0.149)	Loss 0.0492 (0.0387)
2022-12-23 02:15:46,483 INFO     Epoch: [16][2000/5174]	Time 0.149 (0.149)	Loss 0.0380 (0.0388)
2022-12-23 02:18:15,642 INFO     Epoch: [16][3000/5174]	Time 0.148 (0.149)	Loss 0.0423 (0.0388)
2022-12-23 02:20:44,753 INFO     Epoch: [16][4000/5174]	Time 0.150 (0.149)	Loss 0.0321 (0.0388)
2022-12-23 02:23:13,539 INFO     Epoch: [16][5000/5174]	Time 0.148 (0.149)	Loss 0.0511 (0.0390)
2022-12-23 02:23:40,144 INFO     Test: [0/2532]	Time 0.839 (0.839)	Loss 0.0857 (0.0857)
2022-12-23 02:25:42,291 INFO     Test: [1000/2532]	Time 0.123 (0.123)	Loss 0.0510 (0.0364)
2022-12-23 02:27:44,503 INFO     Test: [2000/2532]	Time 0.121 (0.123)	Loss 0.0284 (0.0367)
2022-12-23 02:30:08,509 INFO     base_mAP:0.863

2022-12-23 02:30:08,510 INFO     novel_mAP:0.767

2022-12-23 02:30:08,510 INFO     [Test] mAP: 0.839, averageAP: 0.839
					(Compute with all label) OP: 0.885, OR: 0.746, OF1: 0.810, CP: 0.867, CR: 0.712, CF1:0.782
					(Compute with top-3 label) OP: 0.922, OR: 0.661, OF1: 0.770, CP: 0.899, CR: 0.635, CF1: 0.744
2022-12-23 02:30:10,887 INFO     [Best] [Epoch 16]: Best mAP is 0.839
2022-12-23 02:30:11,927 INFO     Epoch: [17][0/5174]	Time 0.922 (0.922)	Loss 0.0458 (0.0458)
2022-12-23 02:32:40,268 INFO     Epoch: [17][1000/5174]	Time 0.151 (0.149)	Loss 0.0594 (0.0387)
2022-12-23 02:35:09,378 INFO     Epoch: [17][2000/5174]	Time 0.150 (0.149)	Loss 0.0542 (0.0385)
2022-12-23 02:37:38,643 INFO     Epoch: [17][3000/5174]	Time 0.154 (0.149)	Loss 0.0311 (0.0386)
2022-12-23 02:40:07,907 INFO     Epoch: [17][4000/5174]	Time 0.151 (0.149)	Loss 0.0308 (0.0388)
2022-12-23 02:42:37,007 INFO     Epoch: [17][5000/5174]	Time 0.154 (0.149)	Loss 0.0403 (0.0389)
2022-12-23 02:43:03,608 INFO     Test: [0/2532]	Time 0.855 (0.855)	Loss 0.0875 (0.0875)
2022-12-23 02:45:06,002 INFO     Test: [1000/2532]	Time 0.122 (0.123)	Loss 0.0507 (0.0364)
2022-12-23 02:47:08,378 INFO     Test: [2000/2532]	Time 0.123 (0.123)	Loss 0.0277 (0.0367)
2022-12-23 02:49:32,481 INFO     base_mAP:0.863

2022-12-23 02:49:32,481 INFO     novel_mAP:0.766

2022-12-23 02:49:32,481 INFO     [Test] mAP: 0.839, averageAP: 0.839
					(Compute with all label) OP: 0.892, OR: 0.741, OF1: 0.809, CP: 0.874, CR: 0.707, CF1:0.782
					(Compute with top-3 label) OP: 0.926, OR: 0.657, OF1: 0.769, CP: 0.902, CR: 0.632, CF1: 0.743
2022-12-23 02:49:35,006 INFO     [Best] [Epoch 17]: Best mAP is 0.839
2022-12-23 02:49:35,994 INFO     Epoch: [18][0/5174]	Time 0.869 (0.869)	Loss 0.0321 (0.0321)
2022-12-23 02:52:04,259 INFO     Epoch: [18][1000/5174]	Time 0.150 (0.149)	Loss 0.0414 (0.0393)
2022-12-23 02:54:33,015 INFO     Epoch: [18][2000/5174]	Time 0.149 (0.149)	Loss 0.0639 (0.0389)
2022-12-23 02:57:01,735 INFO     Epoch: [18][3000/5174]	Time 0.155 (0.149)	Loss 0.0277 (0.0388)
2022-12-23 02:59:30,767 INFO     Epoch: [18][4000/5174]	Time 0.150 (0.149)	Loss 0.0329 (0.0388)
2022-12-23 03:01:59,887 INFO     Epoch: [18][5000/5174]	Time 0.150 (0.149)	Loss 0.0334 (0.0388)
2022-12-23 03:02:26,497 INFO     Test: [0/2532]	Time 0.849 (0.849)	Loss 0.0879 (0.0879)
2022-12-23 03:04:28,850 INFO     Test: [1000/2532]	Time 0.123 (0.123)	Loss 0.0524 (0.0365)
2022-12-23 03:06:31,183 INFO     Test: [2000/2532]	Time 0.122 (0.123)	Loss 0.0278 (0.0368)
2022-12-23 03:08:55,447 INFO     base_mAP:0.863

2022-12-23 03:08:55,448 INFO     novel_mAP:0.766

2022-12-23 03:08:55,448 INFO     [Test] mAP: 0.839, averageAP: 0.839
					(Compute with all label) OP: 0.892, OR: 0.740, OF1: 0.809, CP: 0.872, CR: 0.705, CF1:0.780
					(Compute with top-3 label) OP: 0.927, OR: 0.657, OF1: 0.769, CP: 0.904, CR: 0.631, CF1: 0.743
2022-12-23 03:08:57,671 INFO     Epoch: [19][0/5174]	Time 0.837 (0.837)	Loss 0.0405 (0.0405)
2022-12-23 03:11:25,815 INFO     Epoch: [19][1000/5174]	Time 0.143 (0.149)	Loss 0.0426 (0.0386)
2022-12-23 03:13:54,722 INFO     Epoch: [19][2000/5174]	Time 0.147 (0.149)	Loss 0.0318 (0.0388)
2022-12-23 03:16:24,005 INFO     Epoch: [19][3000/5174]	Time 0.149 (0.149)	Loss 0.0522 (0.0388)
2022-12-23 03:18:53,212 INFO     Epoch: [19][4000/5174]	Time 0.144 (0.149)	Loss 0.0207 (0.0387)
2022-12-23 03:21:22,551 INFO     Epoch: [19][5000/5174]	Time 0.148 (0.149)	Loss 0.0448 (0.0387)
2022-12-23 03:21:49,260 INFO     Test: [0/2532]	Time 0.868 (0.868)	Loss 0.0874 (0.0874)
2022-12-23 03:23:51,882 INFO     Test: [1000/2532]	Time 0.121 (0.123)	Loss 0.0503 (0.0365)
2022-12-23 03:25:54,624 INFO     Test: [2000/2532]	Time 0.121 (0.123)	Loss 0.0274 (0.0368)
2022-12-23 03:28:19,032 INFO     base_mAP:0.863

2022-12-23 03:28:19,032 INFO     novel_mAP:0.767

2022-12-23 03:28:19,032 INFO     [Test] mAP: 0.839, averageAP: 0.839
					(Compute with all label) OP: 0.887, OR: 0.744, OF1: 0.809, CP: 0.864, CR: 0.712, CF1:0.780
					(Compute with top-3 label) OP: 0.924, OR: 0.660, OF1: 0.770, CP: 0.898, CR: 0.636, CF1: 0.745
